#
# There is insufficient memory for the Java Runtime Environment to continue.
# Native memory allocation (malloc) failed to allocate 131088 bytes for Chunk::new
# Possible reasons:
#   The system is out of physical RAM or swap space
#   In 32 bit mode, the process size limit was hit
# Possible solutions:
#   Reduce memory load on the system
#   Increase physical memory or swap space
#   Check if swap backing store is full
#   Use 64 bit Java on a 64 bit OS
#   Decrease Java heap size (-Xmx/-Xms)
#   Decrease number of Java threads
#   Decrease Java thread stack sizes (-Xss)
#   Set larger code cache with -XX:ReservedCodeCacheSize=
# This output file may be truncated or incomplete.
#
#  Out of Memory Error (allocation.cpp:390), pid=6328, tid=6436
#
# JRE version: Java(TM) SE Runtime Environment (8.0_60-b27) (build 1.8.0_60-b27)
# Java VM: Java HotSpot(TM) 64-Bit Server VM (25.60-b23 mixed mode windows-amd64 compressed oops)
# Failed to write core dump. Minidumps are not enabled by default on client versions of Windows
#

---------------  T H R E A D  ---------------

Current thread (0x0000000054c58000):  JavaThread "C2 CompilerThread0" daemon [_thread_in_native, id=6436, stack(0x0000000056520000,0x0000000056620000)]

Stack: [0x0000000056520000,0x0000000056620000]
[error occurred during error reporting (printing stack bounds), id 0xc0000005]

Native frames: (J=compiled Java code, j=interpreted, Vv=VM code, C=native code)


Current CompileTask:
C2:   8984 1691   !   4       com.android.dx.cf.cst.ConstantPoolParser::parse0 (731 bytes)


---------------  P R O C E S S  ---------------

Java Threads: ( => current thread )
  0x0000000056bdc000 JavaThread "pool-1-thread-4" [_thread_in_vm, id=6472, stack(0x00000000573d0000,0x00000000574d0000)]
  0x0000000056bc8000 JavaThread "pool-1-thread-3" [_thread_in_vm, id=6468, stack(0x0000000057540000,0x0000000057640000)]
  0x0000000056b2c800 JavaThread "pool-1-thread-2" [_thread_blocked, id=6464, stack(0x00000000572b0000,0x00000000573b0000)]
  0x0000000056b2c000 JavaThread "pool-2-thread-1" [_thread_blocked, id=6460, stack(0x00000000570a0000,0x00000000571a0000)]
  0x0000000056b29800 JavaThread "pool-1-thread-1" [_thread_blocked, id=6456, stack(0x0000000056400000,0x0000000056500000)]
  0x00000000568d4800 JavaThread "Service Thread" daemon [_thread_blocked, id=6448, stack(0x0000000056db0000,0x0000000056eb0000)]
  0x0000000054c5b800 JavaThread "C1 CompilerThread2" daemon [_thread_blocked, id=6444, stack(0x00000000567a0000,0x00000000568a0000)]
  0x0000000054c5a800 JavaThread "C2 CompilerThread1" daemon [_thread_in_native, id=6440, stack(0x0000000056630000,0x0000000056730000)]
=>0x0000000054c58000 JavaThread "C2 CompilerThread0" daemon [_thread_in_native, id=6436, stack(0x0000000056520000,0x0000000056620000)]
  0x0000000054c52800 JavaThread "Attach Listener" daemon [_thread_blocked, id=6432, stack(0x0000000056250000,0x0000000056350000)]
  0x0000000054c51800 JavaThread "Signal Dispatcher" daemon [_thread_blocked, id=6428, stack(0x0000000056120000,0x0000000056220000)]
  0x0000000054bf2800 JavaThread "Finalizer" daemon [_thread_blocked, id=6424, stack(0x0000000055fc0000,0x00000000560c0000)]
  0x0000000054bf1000 JavaThread "Reference Handler" daemon [_thread_blocked, id=6420, stack(0x0000000055dd0000,0x0000000055ed0000)]
  0x000000000047e800 JavaThread "main" [_thread_blocked, id=6392, stack(0x0000000001ff0000,0x00000000020f0000)]

Other Threads:
  0x0000000054beb800 VMThread [stack: 0x0000000055c60000,0x0000000055d60000] [id=6416]
  0x000000005693d000 WatcherThread [stack: 0x0000000056f00000,0x0000000057000000] [id=6452]

VM state:synchronizing (normal execution)

VM Mutex/Monitor currently owned by a thread:  ([mutex/lock_event])
[0x000000000047ca00] Safepoint_lock - owner thread: 0x0000000054beb800
[0x000000000047ca80] Threads_lock - owner thread: 0x0000000054beb800

Heap:
 PSYoungGen      total 36864K, used 22470K [0x00000000eab00000, 0x00000000ef300000, 0x0000000100000000)
  eden space 31744K, 54% used [0x00000000eab00000,0x00000000ebbf6100,0x00000000eca00000)
  from space 5120K, 99% used [0x00000000eca00000,0x00000000ecefb8d8,0x00000000ecf00000)
  to   space 5120K, 0% used [0x00000000eee00000,0x00000000eee00000,0x00000000ef300000)
 ParOldGen       total 84992K, used 8617K [0x00000000c0000000, 0x00000000c5300000, 0x00000000eab00000)
  object space 84992K, 10% used [0x00000000c0000000,0x00000000c086a6d8,0x00000000c5300000)
 Metaspace       used 6198K, capacity 7128K, committed 7424K, reserved 1056768K
  class space    used 616K, capacity 656K, committed 768K, reserved 1048576K

Card table byte_map: [0x0000000011780000,0x0000000011990000] byte_map_base: 0x0000000011180000

Marking Bits: (ParMarkBitMap*) 0x000000006434a5b0
 Begin Bits: [0x0000000012060000, 0x0000000013060000)
 End Bits:   [0x0000000013060000, 0x0000000014060000)

Polling page: 0x0000000000410000

CodeCache: size=245760Kb used=7265Kb max_used=7265Kb free=238494Kb
 bounds [0x00000000023c0000, 0x0000000002ae0000, 0x00000000113c0000]
 total_blobs=1910 nmethods=1641 adapters=182
 compilation: enabled

Compilation events (10 events):
Event: 7.957 Thread 0x0000000054c5b800 1687       3       java.util.RegularEnumSet::addAll (23 bytes)
Event: 7.957 Thread 0x0000000054c5b800 nmethod 1687 0x0000000002add9d0 code [0x0000000002addb20, 0x0000000002addcd0]
Event: 7.957 Thread 0x0000000054c5b800 1688       3       com.android.dx.ssa.Optimizer::optimize (67 bytes)
Event: 7.958 Thread 0x0000000054c5b800 nmethod 1688 0x0000000002addd90 code [0x0000000002addfa0, 0x0000000002ade898]
Event: 7.958 Thread 0x0000000054c5b800 1690       3       com.android.dx.dex.code.OutputCollector::<init> (34 bytes)
Event: 7.959 Thread 0x0000000054c5b800 nmethod 1690 0x0000000002adedd0 code [0x0000000002adef60, 0x0000000002adf298]
Event: 7.966 Thread 0x0000000054c58000 1691   !   4       com.android.dx.cf.cst.ConstantPoolParser::parse0 (731 bytes)
Event: 7.991 Thread 0x0000000054c5b800 1692       3       java.util.concurrent.locks.AbstractQueuedSynchronizer::compareAndSetTail (13 bytes)
Event: 7.991 Thread 0x0000000054c5b800 nmethod 1692 0x0000000002ad0f90 code [0x0000000002ad10e0, 0x0000000002ad1270]
Event: 7.991 Thread 0x0000000054c5b800 1693       3       com.android.dx.rop.type.Type::asUninitialized (140 bytes)

GC Heap History (6 events):
Event: 2.628 GC heap before
{Heap before GC invocations=1 (full 0):
 PSYoungGen      total 36864K, used 31744K [0x00000000eab00000, 0x00000000ed400000, 0x0000000100000000)
  eden space 31744K, 100% used [0x00000000eab00000,0x00000000eca00000,0x00000000eca00000)
  from space 5120K, 0% used [0x00000000ecf00000,0x00000000ecf00000,0x00000000ed400000)
  to   space 5120K, 0% used [0x00000000eca00000,0x00000000eca00000,0x00000000ecf00000)
 ParOldGen       total 84992K, used 0K [0x00000000c0000000, 0x00000000c5300000, 0x00000000eab00000)
  object space 84992K, 0% used [0x00000000c0000000,0x00000000c0000000,0x00000000c5300000)
 Metaspace       used 5908K, capacity 6960K, committed 7040K, reserved 1056768K
  class space    used 594K, capacity 616K, committed 640K, reserved 1048576K
Event: 2.643 GC heap after
Heap after GC invocations=1 (full 0):
 PSYoungGen      total 36864K, used 5112K [0x00000000eab00000, 0x00000000ed400000, 0x0000000100000000)
  eden space 31744K, 0% used [0x00000000eab00000,0x00000000eab00000,0x00000000eca00000)
  from space 5120K, 99% used [0x00000000eca00000,0x00000000ecefe0b0,0x00000000ecf00000)
  to   space 5120K, 0% used [0x00000000ecf00000,0x00000000ecf00000,0x00000000ed400000)
 ParOldGen       total 84992K, used 1119K [0x00000000c0000000, 0x00000000c5300000, 0x00000000eab00000)
  object space 84992K, 1% used [0x00000000c0000000,0x00000000c0117ef0,0x00000000c5300000)
 Metaspace       used 5908K, capacity 6960K, committed 7040K, reserved 1056768K
  class space    used 594K, capacity 616K, committed 640K, reserved 1048576K
}
Event: 3.796 GC heap before
{Heap before GC invocations=2 (full 0):
 PSYoungGen      total 36864K, used 36856K [0x00000000eab00000, 0x00000000ed400000, 0x0000000100000000)
  eden space 31744K, 100% used [0x00000000eab00000,0x00000000eca00000,0x00000000eca00000)
  from space 5120K, 99% used [0x00000000eca00000,0x00000000ecefe0b0,0x00000000ecf00000)
  to   space 5120K, 0% used [0x00000000ecf00000,0x00000000ecf00000,0x00000000ed400000)
 ParOldGen       total 84992K, used 1119K [0x00000000c0000000, 0x00000000c5300000, 0x00000000eab00000)
  object space 84992K, 1% used [0x00000000c0000000,0x00000000c0117ef0,0x00000000c5300000)
 Metaspace       used 6131K, capacity 7128K, committed 7424K, reserved 1056768K
  class space    used 615K, capacity 656K, committed 768K, reserved 1048576K
Event: 3.966 GC heap after
Heap after GC invocations=2 (full 0):
 PSYoungGen      total 36864K, used 5100K [0x00000000eab00000, 0x00000000ef300000, 0x0000000100000000)
  eden space 31744K, 0% used [0x00000000eab00000,0x00000000eab00000,0x00000000eca00000)
  from space 5120K, 99% used [0x00000000ecf00000,0x00000000ed3fb1d0,0x00000000ed400000)
  to   space 5120K, 0% used [0x00000000eca00000,0x00000000eca00000,0x00000000ecf00000)
 ParOldGen       total 84992K, used 4695K [0x00000000c0000000, 0x00000000c5300000, 0x00000000eab00000)
  object space 84992K, 5% used [0x00000000c0000000,0x00000000c0495e90,0x00000000c5300000)
 Metaspace       used 6131K, capacity 7128K, committed 7424K, reserved 1056768K
  class space    used 615K, capacity 656K, committed 768K, reserved 1048576K
}
Event: 5.355 GC heap before
{Heap before GC invocations=3 (full 0):
 PSYoungGen      total 36864K, used 36844K [0x00000000eab00000, 0x00000000ef300000, 0x0000000100000000)
  eden space 31744K, 100% used [0x00000000eab00000,0x00000000eca00000,0x00000000eca00000)
  from space 5120K, 99% used [0x00000000ecf00000,0x00000000ed3fb1d0,0x00000000ed400000)
  to   space 5120K, 0% used [0x00000000eca00000,0x00000000eca00000,0x00000000ecf00000)
 ParOldGen       total 84992K, used 4695K [0x00000000c0000000, 0x00000000c5300000, 0x00000000eab00000)
  object space 84992K, 5% used [0x00000000c0000000,0x00000000c0495e90,0x00000000c5300000)
 Metaspace       used 6188K, capacity 7128K, committed 7424K, reserved 1056768K
  class space    used 616K, capacity 656K, committed 768K, reserved 1048576K
Event: 5.954 GC heap after
Heap after GC invocations=3 (full 0):
 PSYoungGen      total 36864K, used 5102K [0x00000000eab00000, 0x00000000ef300000, 0x0000000100000000)
  eden space 31744K, 0% used [0x00000000eab00000,0x00000000eab00000,0x00000000eca00000)
  from space 5120K, 99% used [0x00000000eca00000,0x00000000ecefb8d8,0x00000000ecf00000)
  to   space 5120K, 0% used [0x00000000eee00000,0x00000000eee00000,0x00000000ef300000)
 ParOldGen       total 84992K, used 8617K [0x00000000c0000000, 0x00000000c5300000, 0x00000000eab00000)
  object space 84992K, 10% used [0x00000000c0000000,0x00000000c086a6d8,0x00000000c5300000)
 Metaspace       used 6188K, capacity 7128K, committed 7424K, reserved 1056768K
  class space    used 616K, capacity 656K, committed 768K, reserved 1048576K
}

Deoptimization events (10 events):
Event: 3.736 Thread 0x0000000056b29800 Uncommon trap: reason=bimorphic action=maybe_recompile pc=0x00000000026439e0 method=java.util.HashMap.getNode(ILjava/lang/Object;)Ljava/util/HashMap$Node; @ 126
Event: 3.756 Thread 0x0000000056b29800 Uncommon trap: reason=unstable_if action=reinterpret pc=0x00000000029bbb08 method=com.android.dx.ssa.SCCP.simulateBranch(Lcom/android/dx/ssa/SsaInsn;)V @ 64
Event: 3.758 Thread 0x0000000056b29800 Uncommon trap: reason=unstable_if action=reinterpret pc=0x00000000027cd78c method=com.android.dx.ssa.SsaMethod.updateOneDefinition(Lcom/android/dx/ssa/SsaInsn;Lcom/android/dx/rop/code/RegisterSpec;)V @ 4
Event: 3.769 Thread 0x0000000056b29800 Uncommon trap: reason=unstable_if action=reinterpret pc=0x00000000026d265c method=java.util.HashMap.putVal(ILjava/lang/Object;Ljava/lang/Object;ZZ)Ljava/lang/Object; @ 162
Event: 3.999 Thread 0x0000000056b29800 Uncommon trap: reason=bimorphic action=maybe_recompile pc=0x00000000029d34f8 method=com.android.dx.rop.code.RegisterSpec.withSimpleType()Lcom/android/dx/rop/code/RegisterSpec; @ 21
Event: 4.005 Thread 0x0000000056b29800 Uncommon trap: reason=bimorphic action=maybe_recompile pc=0x00000000029d34f8 method=com.android.dx.rop.code.RegisterSpec.withSimpleType()Lcom/android/dx/rop/code/RegisterSpec; @ 21
Event: 4.008 Thread 0x0000000056b29800 Uncommon trap: reason=bimorphic action=maybe_recompile pc=0x00000000029d34f8 method=com.android.dx.rop.code.RegisterSpec.withSimpleType()Lcom/android/dx/rop/code/RegisterSpec; @ 21
Event: 4.011 Thread 0x0000000056b29800 Uncommon trap: reason=bimorphic action=maybe_recompile pc=0x00000000029d34f8 method=com.android.dx.rop.code.RegisterSpec.withSimpleType()Lcom/android/dx/rop/code/RegisterSpec; @ 21
Event: 4.280 Thread 0x0000000056b2c800 Uncommon trap: reason=unstable_if action=reinterpret pc=0x00000000027d98ac method=com.android.dx.util.IntList.binarysearch(I)I @ 105
Event: 7.485 Thread 0x0000000056b2c800 Uncommon trap: reason=unstable_if action=reinterpret pc=0x0000000002a6f088 method=java.util.HashMap.resize()[Ljava/util/HashMap$Node; @ 206

Internal exceptions (6 events):
Event: 0.051 Thread 0x000000000047e800 Exception <a 'java/lang/NoSuchMethodError': Method sun.misc.Unsafe.defineClass(Ljava/lang/String;[BII)Ljava/lang/Class; name or signature does not match> (0x00000000eab0da70) thrown at [C:\re\workspace\8-2-build-windows-amd64-cygwin\jdk8u60\4407\hotspot\sr«õ‹+ºª?
Event: 0.051 Thread 0x000000000047e800 Exception <a 'java/lang/NoSuchMethodError': Method sun.misc.Unsafe.prefetchRead(Ljava/lang/Object;J)V name or signature does not match> (0x00000000eab0dd58) thrown at [C:\re\workspace\8-2-build-windows-amd64-cygwin\jdk8u60\4407\hotspot\src\share\vm\prims\j¨­ígHþ?
Event: 1.893 Thread 0x0000000056b2c800 Implicit null exception at 0x0000000002768c52 to 0x0000000002768d42
Event: 3.771 Thread 0x0000000056b29800 Exception <a 'java/lang/ArrayIndexOutOfBoundsException': 18> (0x00000000ec8b5258) thrown at [C:\re\workspace\8-2-build-windows-amd64-cygwin\jdk8u60\4407\hotspot\src\share\vm\interpreter\interpreterRuntime.cpp, line 366]
Event: 3.772 Thread 0x0000000056b29800 Exception <a 'java/lang/ArrayIndexOutOfBoundsException'> (0x00000000ec8b6dd8) thrown at [C:\re\workspace\8-2-build-windows-amd64-cygwin\jdk8u60\4407\hotspot\src\share\vm\runtime\sharedRuntime.cpp, line 605]
Event: 3.773 Thread 0x0000000056b29800 Exception <a 'java/lang/ArrayIndexOutOfBoundsException'> (0x00000000ec8b80c0) thrown at [C:\re\workspace\8-2-build-windows-amd64-cygwin\jdk8u60\4407\hotspot\src\share\vm\runtime\sharedRuntime.cpp, line 605]

Events (10 events):
Event: 4.280 Thread 0x0000000056b2c800 Uncommon trap: trap_request=0xffffff65 fr.pc=0x00000000027d98ac
Event: 4.280 Thread 0x0000000056b2c800 DEOPT PACKING pc=0x00000000027d98ac sp=0x00000000573ae880
Event: 4.280 Thread 0x0000000056b2c800 DEOPT UNPACKING pc=0x000000000240582a sp=0x00000000573ae7f8 mode 2
Event: 4.731 loading class com/android/dx/rop/code/RegisterSpec$1
Event: 4.731 loading class com/android/dx/rop/code/RegisterSpec$1 done
Event: 5.355 Executing VM operation: ParallelGCFailedAllocation
Event: 5.954 Executing VM operation: ParallelGCFailedAllocation done
Event: 7.485 Thread 0x0000000056b2c800 Uncommon trap: trap_request=0xffffff65 fr.pc=0x0000000002a6f088
Event: 7.485 Thread 0x0000000056b2c800 DEOPT PACKING pc=0x0000000002a6f088 sp=0x00000000573ae4f0
Event: 7.485 Thread 0x0000000056b2c800 DEOPT UNPACKING pc=0x000000000240582a sp=0x00000000573ae458 mode 2


Dynamic libraries:
0x000000013f140000 - 0x000000013f177000 	C:\Program Files\Java\jdk1.8.0_60\bin\java.exe
0x0000000077550000 - 0x00000000776f9000 	C:\Windows\SYSTEM32\ntdll.dll
0x0000000077430000 - 0x0000000077550000 	C:\Windows\system32\kernel32.dll
0x000007fefd360000 - 0x000007fefd3cc000 	C:\Windows\system32\KERNELBASE.dll
0x000007fefdf70000 - 0x000007fefe04b000 	C:\Windows\system32\ADVAPI32.dll
0x000007feff6f0000 - 0x000007feff78f000 	C:\Windows\system32\msvcrt.dll
0x000007fefd9f0000 - 0x000007fefda0f000 	C:\Windows\SYSTEM32\sechost.dll
0x000007fefe220000 - 0x000007fefe34d000 	C:\Windows\system32\RPCRT4.dll
0x0000000077330000 - 0x000000007742a000 	C:\Windows\system32\USER32.dll
0x000007fefe050000 - 0x000007fefe0b7000 	C:\Windows\system32\GDI32.dll
0x000007fefdec0000 - 0x000007fefdece000 	C:\Windows\system32\LPK.dll
0x000007fefd6b0000 - 0x000007fefd77a000 	C:\Windows\system32\USP10.dll
0x000007fefc360000 - 0x000007fefc554000 	C:\Windows\WinSxS\amd64_microsoft.windows.common-controls_6595b64144ccf1df_6.0.7601.18837_none_fa3b1e3d17594757\COMCTL32.dll
0x000007fefdba0000 - 0x000007fefdc11000 	C:\Windows\system32\SHLWAPI.dll
0x000007fefdc20000 - 0x000007fefdc4e000 	C:\Windows\system32\IMM32.DLL
0x000007fefe0c0000 - 0x000007fefe1c9000 	C:\Windows\system32\MSCTF.dll
0x0000000060dd0000 - 0x0000000060ea2000 	C:\Program Files\Java\jdk1.8.0_60\jre\bin\msvcr100.dll
0x0000000063b40000 - 0x00000000643c9000 	C:\Program Files\Java\jdk1.8.0_60\jre\bin\server\jvm.dll
0x000007fef4900000 - 0x000007fef4909000 	C:\Windows\system32\WSOCK32.dll
0x000007fefe1d0000 - 0x000007fefe21d000 	C:\Windows\system32\WS2_32.dll
0x000007feff850000 - 0x000007feff858000 	C:\Windows\system32\NSI.dll
0x000007fefa500000 - 0x000007fefa53b000 	C:\Windows\system32\WINMM.dll
0x000007fefc130000 - 0x000007fefc13c000 	C:\Windows\system32\VERSION.dll
0x0000000077720000 - 0x0000000077727000 	C:\Windows\system32\PSAPI.DLL
0x0000000063b30000 - 0x0000000063b3f000 	C:\Program Files\Java\jdk1.8.0_60\jre\bin\verify.dll
0x0000000063b00000 - 0x0000000063b29000 	C:\Program Files\Java\jdk1.8.0_60\jre\bin\java.dll
0x0000000063ae0000 - 0x0000000063af6000 	C:\Program Files\Java\jdk1.8.0_60\jre\bin\zip.dll
0x000007fefe780000 - 0x000007feff509000 	C:\Windows\system32\SHELL32.dll
0x000007fefdc50000 - 0x000007fefde53000 	C:\Windows\system32\ole32.dll
0x000007fefd2f0000 - 0x000007fefd2ff000 	C:\Windows\system32\profapi.dll

VM Arguments:
jvm_args: -Xmx1024M -Dfile.encoding=windows-1252 -Duser.country=DE -Duser.language=de -Duser.variant 
java_command: com.android.dx.command.Main --dex --num-threads=4 --output C:\ws\Android-Studio\Flirtirator\app\build\intermediates\pre-dexed\debug\classes-60cc1a9a5c36a2a972c89c34c2c4c2647f2b4a93.jar C:\ws\Android-Studio\Flirtirator\app\build\intermediates\exploded-aar\com.android.support\appcompat-v7\23.0.1\jars\classes.jar
java_class_path (initial): C:\Users\Torben Krüger\AppData\Local\Android\sdk\build-tools\23.0.1\lib\dx.jar
Launcher Type: SUN_STANDARD

Environment Variables:
JAVA_HOME=C:\Program Files\Java\jdk1.8.0_60
PATH=C:\Program Files (x86)\Common Files\Intel\Shared Libraries\redist\intel64\compiler;C:\Program Files (x86)\Common Files\Intel\Shared Libraries\redist\ia32\compiler;C:\Program Files\ispLEVER_Classic1_7\ispFPGA\bin\nt;C:\Program Files\ispLEVER_Classic1_7\active-hdl\BIN;C:\Windows\system32;C:\Windows;C:\Windows\System32\Wbem;C:\Windows\System32\WindowsPowerShell\v1.0\;C:\Program Files (x86)\Intel\OpenCL SDK\3.0\bin\x86;C:\Program Files (x86)\Intel\OpenCL SDK\3.0\bin\x64;C:\Program Files\Intel\WiFi\bin\;C:\Program Files\Common Files\Intel\WirelessCommon\;C:\Program Files\MiKTeX 2.9\miktex\bin\x64\;C:\Program Files\Java\jdk1.8.0_60\bin;C:\MinGW\bin;C:\MinGW\msys\1.0\bin;C:\Program Files\ispLEVER_Classic1_7\ispcpld\bin;C:\Program Files\Microsoft SQL Server\110\Tools\Binn\;C:\Program Files (x86)\Microsoft SDKs\TypeScript\1.0\;C:\Program Files\ThinkPad\Bluetooth Software\;C:\Program Files\ThinkPad\Bluetooth Software\syswow64;C:\Program Files (x86)\Skype\Phone\;C:\Program Files\Intel\WiFi\bin\;C:\Program Files\Common Files\Intel\WirelessCommon\;C:\Program Files\Java\jdk1.8.0_60\bin;C:\MinGW\bin;C:\MinGW\msys\1.0\bin
USERNAME=Torben Krüger
OS=Windows_NT
PROCESSOR_IDENTIFIER=Intel64 Family 6 Model 58 Stepping 9, GenuineIntel



---------------  S Y S T E M  ---------------

OS: Windows 7 , 64 bit Build 7601 (6.1.7601.19045)

CPU:total 4 (2 cores per cpu, 2 threads per core) family 6 model 58 stepping 9, cmov, cx8, fxsr, mmx, sse, sse2, sse3, ssse3, sse4.1, sse4.2, popcnt, avx, aes, clmul, erms, ht, tsc, tscinvbit, tscinv

Memory: 4k page, physical 8078232k(699636k free), swap 9309656k(1164k free)

vm_info: Java HotSpot(TM) 64-Bit Server VM (25.60-b23) for windows-amd64 JRE (1.8.0_60-b27), built on Aug  4 2015 11:06:27 by "java_re" with MS VC++ 10.0 (VS2010)

time: Tue Dec 15 14:05:02 2015
elapsed time: 8 seconds (0d 0h 0m 8s)

