#
# There is insufficient memory for the Java Runtime Environment to continue.
# Native memory allocation (malloc) failed to allocate 74944 bytes for Chunk::new
# Possible reasons:
#   The system is out of physical RAM or swap space
#   In 32 bit mode, the process size limit was hit
# Possible solutions:
#   Reduce memory load on the system
#   Increase physical memory or swap space
#   Check if swap backing store is full
#   Use 64 bit Java on a 64 bit OS
#   Decrease Java heap size (-Xmx/-Xms)
#   Decrease number of Java threads
#   Decrease Java thread stack sizes (-Xss)
#   Set larger code cache with -XX:ReservedCodeCacheSize=
# This output file may be truncated or incomplete.
#
#  Out of Memory Error (allocation.cpp:390), pid=2508, tid=964
#
# JRE version: Java(TM) SE Runtime Environment (8.0_60-b27) (build 1.8.0_60-b27)
# Java VM: Java HotSpot(TM) 64-Bit Server VM (25.60-b23 mixed mode windows-amd64 compressed oops)
# Failed to write core dump. Minidumps are not enabled by default on client versions of Windows
#

---------------  T H R E A D  ---------------

Current thread (0x0000000054ca8800):  JavaThread "C2 CompilerThread0" daemon [_thread_in_native, id=964, stack(0x00000000566c0000,0x00000000567c0000)]

Stack: [0x00000000566c0000,0x00000000567c0000]
[error occurred during error reporting (printing stack bounds), id 0xc0000005]

Native frames: (J=compiled Java code, j=interpreted, Vv=VM code, C=native code)


Current CompileTask:
C2:  27986 2097   !   4       com.android.dx.cf.code.Ropper::processBlock (1101 bytes)


---------------  P R O C E S S  ---------------

Java Threads: ( => current thread )
  0x0000000056bf1000 JavaThread "pool-1-thread-4" [_thread_blocked, id=5756, stack(0x0000000057550000,0x0000000057650000)]
  0x0000000056bf0800 JavaThread "pool-1-thread-3" [_thread_blocked, id=5760, stack(0x00000000572a0000,0x00000000573a0000)]
  0x0000000056be2800 JavaThread "pool-1-thread-2" [_thread_in_vm, id=5428, stack(0x0000000057450000,0x0000000057550000)]
  0x0000000056bca800 JavaThread "pool-2-thread-1" [_thread_blocked, id=5816, stack(0x0000000057010000,0x0000000057110000)]
  0x0000000056bc9800 JavaThread "pool-1-thread-1" [_thread_blocked, id=5904, stack(0x0000000057160000,0x0000000057260000)]
  0x0000000056950800 JavaThread "Service Thread" daemon [_thread_blocked, id=4036, stack(0x0000000056ec0000,0x0000000056fc0000)]
  0x0000000054cab800 JavaThread "C1 CompilerThread2" daemon [_thread_blocked, id=1296, stack(0x0000000056850000,0x0000000056950000)]
  0x0000000054caa800 JavaThread "C2 CompilerThread1" daemon [_thread_in_native, id=3032, stack(0x00000000563d0000,0x00000000564d0000)]
=>0x0000000054ca8800 JavaThread "C2 CompilerThread0" daemon [_thread_in_native, id=964, stack(0x00000000566c0000,0x00000000567c0000)]
  0x0000000054ca3000 JavaThread "Attach Listener" daemon [_thread_blocked, id=1728, stack(0x00000000564e0000,0x00000000565e0000)]
  0x0000000054ca1800 JavaThread "Signal Dispatcher" daemon [_thread_blocked, id=3424, stack(0x00000000562d0000,0x00000000563d0000)]
  0x0000000054c42800 JavaThread "Finalizer" daemon [_thread_blocked, id=2960, stack(0x0000000055ea0000,0x0000000055fa0000)]
  0x0000000054c41800 JavaThread "Reference Handler" daemon [_thread_blocked, id=5436, stack(0x0000000056050000,0x0000000056150000)]
  0x0000000001eee800 JavaThread "main" [_thread_blocked, id=4380, stack(0x0000000002160000,0x0000000002260000)]

Other Threads:
  0x0000000054c3c000 VMThread [stack: 0x0000000055d80000,0x0000000055e80000] [id=5776]
  0x00000000569e3800 WatcherThread [stack: 0x0000000056da0000,0x0000000056ea0000] [id=5432]

VM state:not at safepoint (normal execution)

VM Mutex/Monitor currently owned by a thread: None

Heap:
 PSYoungGen      total 132096K, used 40487K [0x00000000eab00000, 0x00000000f3100000, 0x0000000100000000)
  eden space 126976K, 27% used [0x00000000eab00000,0x00000000ecd8b0a0,0x00000000f2700000)
  from space 5120K, 99% used [0x00000000f2c00000,0x00000000f30feef8,0x00000000f3100000)
  to   space 5120K, 0% used [0x00000000f2700000,0x00000000f2700000,0x00000000f2c00000)
 ParOldGen       total 84992K, used 26415K [0x00000000c0000000, 0x00000000c5300000, 0x00000000eab00000)
  object space 84992K, 31% used [0x00000000c0000000,0x00000000c19cbdb8,0x00000000c5300000)
 Metaspace       used 6241K, capacity 7152K, committed 7296K, reserved 1056768K
  class space    used 596K, capacity 616K, committed 640K, reserved 1048576K

Card table byte_map: [0x00000000118f0000,0x0000000011b00000] byte_map_base: 0x00000000112f0000

Marking Bits: (ParMarkBitMap*) 0x000000006434a5b0
 Begin Bits: [0x00000000120b0000, 0x00000000130b0000)
 End Bits:   [0x00000000130b0000, 0x00000000140b0000)

Polling page: 0x0000000000210000

CodeCache: size=245760Kb used=10100Kb max_used=10100Kb free=235659Kb
 bounds [0x0000000002530000, 0x0000000002f20000, 0x0000000011530000]
 total_blobs=2317 nmethods=2048 adapters=182
 compilation: enabled

Compilation events (10 events):
Event: 26.955 Thread 0x0000000054cab800 2100       3       com.android.dx.dex.file.ClassDefItem::addStaticField (10 bytes)
Event: 26.955 Thread 0x0000000054cab800 nmethod 2100 0x000000000263a890 code [0x000000000263aa00, 0x000000000263ac08]
Event: 26.955 Thread 0x0000000054cab800 2101       3       com.android.dx.dex.file.EncodedField::hashCode (8 bytes)
Event: 26.956 Thread 0x0000000054cab800 nmethod 2101 0x0000000002ec8110 code [0x0000000002ec82e0, 0x0000000002ec8bc8]
Event: 26.991 Thread 0x0000000054cab800 2102       3       com.android.dx.rop.code.Rops::opAdd (29 bytes)
Event: 27.973 Thread 0x0000000054cab800 nmethod 2102 0x0000000002683290 code [0x0000000002683400, 0x00000000026835c8]
Event: 27.976 Thread 0x0000000054cab800 2103       3       com.android.dx.cf.code.ByteCatchList::get (9 bytes)
Event: 27.976 Thread 0x0000000054cab800 nmethod 2103 0x0000000002ec7b50 code [0x0000000002ec7cc0, 0x0000000002ec7fa8]
Event: 27.977 Thread 0x0000000054cab800 2104       1       com.android.dx.cf.code.Ropper$ExceptionHandlerSetup::getLabel (5 bytes)
Event: 27.977 Thread 0x0000000054cab800 nmethod 2104 0x0000000002ec6f10 code [0x0000000002ec7060, 0x0000000002ec7170]

GC Heap History (8 events):
Event: 1.962 GC heap before
{Heap before GC invocations=1 (full 0):
 PSYoungGen      total 36864K, used 31744K [0x00000000eab00000, 0x00000000ed400000, 0x0000000100000000)
  eden space 31744K, 100% used [0x00000000eab00000,0x00000000eca00000,0x00000000eca00000)
  from space 5120K, 0% used [0x00000000ecf00000,0x00000000ecf00000,0x00000000ed400000)
  to   space 5120K, 0% used [0x00000000eca00000,0x00000000eca00000,0x00000000ecf00000)
 ParOldGen       total 84992K, used 0K [0x00000000c0000000, 0x00000000c5300000, 0x00000000eab00000)
  object space 84992K, 0% used [0x00000000c0000000,0x00000000c0000000,0x00000000c5300000)
 Metaspace       used 5818K, capacity 6832K, committed 7040K, reserved 1056768K
  class space    used 591K, capacity 616K, committed 640K, reserved 1048576K
Event: 2.203 GC heap after
Heap after GC invocations=1 (full 0):
 PSYoungGen      total 36864K, used 5116K [0x00000000eab00000, 0x00000000ef300000, 0x0000000100000000)
  eden space 31744K, 0% used [0x00000000eab00000,0x00000000eab00000,0x00000000eca00000)
  from space 5120K, 99% used [0x00000000eca00000,0x00000000eceff1d8,0x00000000ecf00000)
  to   space 5120K, 0% used [0x00000000eee00000,0x00000000eee00000,0x00000000ef300000)
 ParOldGen       total 84992K, used 1786K [0x00000000c0000000, 0x00000000c5300000, 0x00000000eab00000)
  object space 84992K, 2% used [0x00000000c0000000,0x00000000c01bea68,0x00000000c5300000)
 Metaspace       used 5818K, capacity 6832K, committed 7040K, reserved 1056768K
  class space    used 591K, capacity 616K, committed 640K, reserved 1048576K
}
Event: 3.153 GC heap before
{Heap before GC invocations=2 (full 0):
 PSYoungGen      total 36864K, used 36860K [0x00000000eab00000, 0x00000000ef300000, 0x0000000100000000)
  eden space 31744K, 100% used [0x00000000eab00000,0x00000000eca00000,0x00000000eca00000)
  from space 5120K, 99% used [0x00000000eca00000,0x00000000eceff1d8,0x00000000ecf00000)
  to   space 5120K, 0% used [0x00000000eee00000,0x00000000eee00000,0x00000000ef300000)
 ParOldGen       total 84992K, used 1786K [0x00000000c0000000, 0x00000000c5300000, 0x00000000eab00000)
  object space 84992K, 2% used [0x00000000c0000000,0x00000000c01bea68,0x00000000c5300000)
 Metaspace       used 5907K, capacity 6960K, committed 7040K, reserved 1056768K
  class space    used 593K, capacity 616K, committed 640K, reserved 1048576K
Event: 3.791 GC heap after
Heap after GC invocations=2 (full 0):
 PSYoungGen      total 68608K, used 5089K [0x00000000eab00000, 0x00000000ef300000, 0x0000000100000000)
  eden space 63488K, 0% used [0x00000000eab00000,0x00000000eab00000,0x00000000ee900000)
  from space 5120K, 99% used [0x00000000eee00000,0x00000000ef2f8758,0x00000000ef300000)
  to   space 5120K, 0% used [0x00000000ee900000,0x00000000ee900000,0x00000000eee00000)
 ParOldGen       total 84992K, used 6131K [0x00000000c0000000, 0x00000000c5300000, 0x00000000eab00000)
  object space 84992K, 7% used [0x00000000c0000000,0x00000000c05fcc18,0x00000000c5300000)
 Metaspace       used 5907K, capacity 6960K, committed 7040K, reserved 1056768K
  class space    used 593K, capacity 616K, committed 640K, reserved 1048576K
}
Event: 15.455 GC heap before
{Heap before GC invocations=3 (full 0):
 PSYoungGen      total 68608K, used 68577K [0x00000000eab00000, 0x00000000ef300000, 0x0000000100000000)
  eden space 63488K, 100% used [0x00000000eab00000,0x00000000ee900000,0x00000000ee900000)
  from space 5120K, 99% used [0x00000000eee00000,0x00000000ef2f8758,0x00000000ef300000)
  to   space 5120K, 0% used [0x00000000ee900000,0x00000000ee900000,0x00000000eee00000)
 ParOldGen       total 84992K, used 6131K [0x00000000c0000000, 0x00000000c5300000, 0x00000000eab00000)
  object space 84992K, 7% used [0x00000000c0000000,0x00000000c05fcc18,0x00000000c5300000)
 Metaspace       used 6170K, capacity 7152K, committed 7296K, reserved 1056768K
  class space    used 595K, capacity 616K, committed 640K, reserved 1048576K
Event: 16.081 GC heap after
Heap after GC invocations=3 (full 0):
 PSYoungGen      total 68608K, used 5106K [0x00000000eab00000, 0x00000000f3100000, 0x0000000100000000)
  eden space 63488K, 0% used [0x00000000eab00000,0x00000000eab00000,0x00000000ee900000)
  from space 5120K, 99% used [0x00000000ee900000,0x00000000eedfc958,0x00000000eee00000)
  to   space 5120K, 0% used [0x00000000f2c00000,0x00000000f2c00000,0x00000000f3100000)
 ParOldGen       total 84992K, used 16059K [0x00000000c0000000, 0x00000000c5300000, 0x00000000eab00000)
  object space 84992K, 18% used [0x00000000c0000000,0x00000000c0faee38,0x00000000c5300000)
 Metaspace       used 6170K, capacity 7152K, committed 7296K, reserved 1056768K
  class space    used 595K, capacity 616K, committed 640K, reserved 1048576K
}
Event: 23.222 GC heap before
{Heap before GC invocations=4 (full 0):
 PSYoungGen      total 68608K, used 68594K [0x00000000eab00000, 0x00000000f3100000, 0x0000000100000000)
  eden space 63488K, 100% used [0x00000000eab00000,0x00000000ee900000,0x00000000ee900000)
  from space 5120K, 99% used [0x00000000ee900000,0x00000000eedfc958,0x00000000eee00000)
  to   space 5120K, 0% used [0x00000000f2c00000,0x00000000f2c00000,0x00000000f3100000)
 ParOldGen       total 84992K, used 16059K [0x00000000c0000000, 0x00000000c5300000, 0x00000000eab00000)
  object space 84992K, 18% used [0x00000000c0000000,0x00000000c0faee38,0x00000000c5300000)
 Metaspace       used 6224K, capacity 7152K, committed 7296K, reserved 1056768K
  class space    used 596K, capacity 616K, committed 640K, reserved 1048576K
Event: 23.371 GC heap after
Heap after GC invocations=4 (full 0):
 PSYoungGen      total 132096K, used 5115K [0x00000000eab00000, 0x00000000f3100000, 0x0000000100000000)
  eden space 126976K, 0% used [0x00000000eab00000,0x00000000eab00000,0x00000000f2700000)
  from space 5120K, 99% used [0x00000000f2c00000,0x00000000f30feef8,0x00000000f3100000)
  to   space 5120K, 0% used [0x00000000f2700000,0x00000000f2700000,0x00000000f2c00000)
 ParOldGen       total 84992K, used 26415K [0x00000000c0000000, 0x00000000c5300000, 0x00000000eab00000)
  object space 84992K, 31% used [0x00000000c0000000,0x00000000c19cbdb8,0x00000000c5300000)
 Metaspace       used 6224K, capacity 7152K, committed 7296K, reserved 1056768K
  class space    used 596K, capacity 616K, committed 640K, reserved 1048576K
}

Deoptimization events (10 events):
Event: 26.215 Thread 0x0000000056bf0800 Uncommon trap: reason=unstable_if action=reinterpret pc=0x0000000002c884a4 method=com.android.dx.ssa.SsaBasicBlock.scheduleMovesFromPhis()V @ 63
Event: 26.259 Thread 0x0000000056bf0800 Uncommon trap: reason=unstable_if action=reinterpret pc=0x0000000002990478 method=com.android.dx.ssa.SCCP.simulateBranch(Lcom/android/dx/ssa/SsaInsn;)V @ 64
Event: 26.271 Thread 0x0000000056bf0800 Uncommon trap: reason=bimorphic action=maybe_recompile pc=0x0000000002ec770c method=com.android.dx.cf.code.OneLocalsArray.set(ILcom/android/dx/rop/type/TypeBearer;)V @ 85
Event: 26.271 Thread 0x0000000056bf0800 Uncommon trap: reason=bimorphic action=maybe_recompile pc=0x0000000002ec770c method=com.android.dx.cf.code.OneLocalsArray.set(ILcom/android/dx/rop/type/TypeBearer;)V @ 85
Event: 26.303 Thread 0x0000000056bf0800 Uncommon trap: reason=unstable_if action=reinterpret pc=0x0000000002d6aa04 method=com.android.dx.rop.code.BasicBlockList.preferredSuccessorOf(Lcom/android/dx/rop/code/BasicBlock;)Lcom/android/dx/rop/code/BasicBlock; @ 58
Event: 26.311 Thread 0x0000000056bf0800 Uncommon trap: reason=unstable_if action=reinterpret pc=0x0000000002b4b0e8 method=com.android.dx.cf.code.RopperMachine.run(Lcom/android/dx/cf/code/Frame;II)V @ 1500
Event: 26.312 Thread 0x0000000056bf0800 Uncommon trap: reason=class_check action=maybe_recompile pc=0x0000000002c70c1c method=com.android.dx.cf.code.Ropper.processBlock(Lcom/android/dx/cf/code/ByteBlock;Lcom/android/dx/cf/code/Frame;[I)V @ 777
Event: 26.312 Thread 0x0000000056bf0800 Uncommon trap: reason=class_check action=maybe_recompile pc=0x0000000002c70c1c method=com.android.dx.cf.code.Ropper.processBlock(Lcom/android/dx/cf/code/ByteBlock;Lcom/android/dx/cf/code/Frame;[I)V @ 777
Event: 26.312 Thread 0x0000000056bf0800 Uncommon trap: reason=class_check action=maybe_recompile pc=0x0000000002c70c1c method=com.android.dx.cf.code.Ropper.processBlock(Lcom/android/dx/cf/code/ByteBlock;Lcom/android/dx/cf/code/Frame;[I)V @ 777
Event: 26.313 Thread 0x0000000056bf0800 Uncommon trap: reason=class_check action=maybe_recompile pc=0x0000000002c70c1c method=com.android.dx.cf.code.Ropper.processBlock(Lcom/android/dx/cf/code/ByteBlock;Lcom/android/dx/cf/code/Frame;[I)V @ 777

Internal exceptions (6 events):
Event: 0.115 Thread 0x0000000001eee800 Exception <a 'java/lang/NoSuchMethodError': Method sun.misc.Unsafe.defineClass(Ljava/lang/String;[BII)Ljava/lang/Class; name or signature does not match> (0x00000000eab0dae8) thrown at [C:\re\workspace\8-2-build-windows-amd64-cygwin\jdk8u60\4407\hotspot\sreWwN3Y½?
Event: 0.115 Thread 0x0000000001eee800 Exception <a 'java/lang/NoSuchMethodError': Method sun.misc.Unsafe.prefetchRead(Ljava/lang/Object;J)V name or signature does not match> (0x00000000eab0ddd0) thrown at [C:\re\workspace\8-2-build-windows-amd64-cygwin\jdk8u60\4407\hotspot\src\share\vm\prims\jB€~¿ã@
Event: 2.361 Thread 0x0000000001eee800 Implicit null exception at 0x00000000028f8421 to 0x00000000028f8c95
Event: 2.361 Thread 0x0000000001eee800 Implicit null exception at 0x00000000029194de to 0x0000000002919fcd
Event: 4.990 Thread 0x0000000056be2800 Implicit null exception at 0x00000000029a5aff to 0x00000000029a6b31
Event: 13.063 Thread 0x0000000056bc9800 Implicit null exception at 0x0000000002c5cfd8 to 0x0000000002c5de95

Events (10 events):
Event: 26.313 Thread 0x0000000056bf0800 DEOPT UNPACKING pc=0x000000000257582a sp=0x000000005739ebb8 mode 2
Event: 26.572 Thread 0x0000000054ca8800 flushing nmethod 0x0000000002639c50
Event: 26.572 Thread 0x0000000054ca8800 flushing nmethod 0x000000000263a890
Event: 26.572 Thread 0x0000000054ca8800 flushing nmethod 0x000000000263c110
Event: 26.572 Thread 0x0000000054ca8800 flushing nmethod 0x000000000263da10
Event: 26.572 Thread 0x0000000054ca8800 flushing nmethod 0x000000000263dd50
Event: 26.572 Thread 0x0000000054ca8800 flushing nmethod 0x0000000002646250
Event: 26.572 Thread 0x0000000054ca8800 flushing nmethod 0x0000000002652b10
Event: 26.595 Thread 0x0000000054cab800 flushing nmethod 0x0000000002683290
Event: 27.983 Thread 0x0000000056be2800 Uncommon trap: trap_request=0xffffffc6 fr.pc=0x0000000002809e48


Dynamic libraries:
0x000000013f140000 - 0x000000013f177000 	C:\Program Files\Java\jdk1.8.0_60\bin\java.exe
0x0000000077550000 - 0x00000000776f9000 	C:\Windows\SYSTEM32\ntdll.dll
0x0000000077430000 - 0x0000000077550000 	C:\Windows\system32\kernel32.dll
0x000007fefd360000 - 0x000007fefd3cc000 	C:\Windows\system32\KERNELBASE.dll
0x000007fefdf70000 - 0x000007fefe04b000 	C:\Windows\system32\ADVAPI32.dll
0x000007feff6f0000 - 0x000007feff78f000 	C:\Windows\system32\msvcrt.dll
0x000007fefd9f0000 - 0x000007fefda0f000 	C:\Windows\SYSTEM32\sechost.dll
0x000007fefe220000 - 0x000007fefe34d000 	C:\Windows\system32\RPCRT4.dll
0x0000000077330000 - 0x000000007742a000 	C:\Windows\system32\USER32.dll
0x000007fefe050000 - 0x000007fefe0b7000 	C:\Windows\system32\GDI32.dll
0x000007fefdec0000 - 0x000007fefdece000 	C:\Windows\system32\LPK.dll
0x000007fefd6b0000 - 0x000007fefd77a000 	C:\Windows\system32\USP10.dll
0x000007fefc360000 - 0x000007fefc554000 	C:\Windows\WinSxS\amd64_microsoft.windows.common-controls_6595b64144ccf1df_6.0.7601.18837_none_fa3b1e3d17594757\COMCTL32.dll
0x000007fefdba0000 - 0x000007fefdc11000 	C:\Windows\system32\SHLWAPI.dll
0x000007fefdc20000 - 0x000007fefdc4e000 	C:\Windows\system32\IMM32.DLL
0x000007fefe0c0000 - 0x000007fefe1c9000 	C:\Windows\system32\MSCTF.dll
0x0000000060dd0000 - 0x0000000060ea2000 	C:\Program Files\Java\jdk1.8.0_60\jre\bin\msvcr100.dll
0x0000000063b40000 - 0x00000000643c9000 	C:\Program Files\Java\jdk1.8.0_60\jre\bin\server\jvm.dll
0x000007fef4900000 - 0x000007fef4909000 	C:\Windows\system32\WSOCK32.dll
0x000007fefe1d0000 - 0x000007fefe21d000 	C:\Windows\system32\WS2_32.dll
0x000007feff850000 - 0x000007feff858000 	C:\Windows\system32\NSI.dll
0x000007fefa500000 - 0x000007fefa53b000 	C:\Windows\system32\WINMM.dll
0x000007fefc130000 - 0x000007fefc13c000 	C:\Windows\system32\VERSION.dll
0x0000000077720000 - 0x0000000077727000 	C:\Windows\system32\PSAPI.DLL
0x0000000063b30000 - 0x0000000063b3f000 	C:\Program Files\Java\jdk1.8.0_60\jre\bin\verify.dll
0x0000000063b00000 - 0x0000000063b29000 	C:\Program Files\Java\jdk1.8.0_60\jre\bin\java.dll
0x0000000063ae0000 - 0x0000000063af6000 	C:\Program Files\Java\jdk1.8.0_60\jre\bin\zip.dll
0x000007fefe780000 - 0x000007feff509000 	C:\Windows\system32\SHELL32.dll
0x000007fefdc50000 - 0x000007fefde53000 	C:\Windows\system32\ole32.dll
0x000007fefd2f0000 - 0x000007fefd2ff000 	C:\Windows\system32\profapi.dll

VM Arguments:
jvm_args: -Xmx1024M -Dfile.encoding=windows-1252 -Duser.country=DE -Duser.language=de -Duser.variant 
java_command: com.android.dx.command.Main --dex --num-threads=4 --output C:\ws\Android-Studio\Flirtirator\app\build\intermediates\pre-dexed\debug\firebase-client-jvm-2.5.0-5cc4dcb90597ff3e00c6eabb19260e030ec0b7ef.jar C:\Users\Torben Krüger\.gradle\caches\modules-2\files-2.1\com.firebase\firebase-client-jvm\2.5.0\c0af904657634f7ab9cc21e75d80250570033321\firebase-client-jvm-2.5.0.jar
java_class_path (initial): C:\Users\Torben Krüger\AppData\Local\Android\sdk\build-tools\23.0.1\lib\dx.jar
Launcher Type: SUN_STANDARD

Environment Variables:
JAVA_HOME=C:\Program Files\Java\jdk1.8.0_60
PATH=C:\Program Files (x86)\Common Files\Intel\Shared Libraries\redist\intel64\compiler;C:\Program Files (x86)\Common Files\Intel\Shared Libraries\redist\ia32\compiler;C:\Program Files\ispLEVER_Classic1_7\ispFPGA\bin\nt;C:\Program Files\ispLEVER_Classic1_7\active-hdl\BIN;C:\Windows\system32;C:\Windows;C:\Windows\System32\Wbem;C:\Windows\System32\WindowsPowerShell\v1.0\;C:\Program Files (x86)\Intel\OpenCL SDK\3.0\bin\x86;C:\Program Files (x86)\Intel\OpenCL SDK\3.0\bin\x64;C:\Program Files\Intel\WiFi\bin\;C:\Program Files\Common Files\Intel\WirelessCommon\;C:\Program Files\MiKTeX 2.9\miktex\bin\x64\;C:\Program Files\Java\jdk1.8.0_60\bin;C:\MinGW\bin;C:\MinGW\msys\1.0\bin;C:\Program Files\ispLEVER_Classic1_7\ispcpld\bin;C:\Program Files\Microsoft SQL Server\110\Tools\Binn\;C:\Program Files (x86)\Microsoft SDKs\TypeScript\1.0\;C:\Program Files\ThinkPad\Bluetooth Software\;C:\Program Files\ThinkPad\Bluetooth Software\syswow64;C:\Program Files (x86)\Skype\Phone\;C:\Program Files\Intel\WiFi\bin\;C:\Program Files\Common Files\Intel\WirelessCommon\;C:\Program Files\Java\jdk1.8.0_60\bin;C:\MinGW\bin;C:\MinGW\msys\1.0\bin
USERNAME=Torben Krüger
OS=Windows_NT
PROCESSOR_IDENTIFIER=Intel64 Family 6 Model 58 Stepping 9, GenuineIntel



---------------  S Y S T E M  ---------------

OS: Windows 7 , 64 bit Build 7601 (6.1.7601.19045)

CPU:total 4 (2 cores per cpu, 2 threads per core) family 6 model 58 stepping 9, cmov, cx8, fxsr, mmx, sse, sse2, sse3, ssse3, sse4.1, sse4.2, popcnt, avx, aes, clmul, erms, ht, tsc, tscinvbit, tscinv

Memory: 4k page, physical 8078232k(695820k free), swap 9944224k(634308k free)

vm_info: Java HotSpot(TM) 64-Bit Server VM (25.60-b23) for windows-amd64 JRE (1.8.0_60-b27), built on Aug  4 2015 11:06:27 by "java_re" with MS VC++ 10.0 (VS2010)

time: Tue Dec 15 14:05:02 2015
elapsed time: 28 seconds (0d 0h 0m 28s)

