#
# There is insufficient memory for the Java Runtime Environment to continue.
# Native memory allocation (malloc) failed to allocate 32744 bytes for ChunkPool::allocate
# Possible reasons:
#   The system is out of physical RAM or swap space
#   In 32 bit mode, the process size limit was hit
# Possible solutions:
#   Reduce memory load on the system
#   Increase physical memory or swap space
#   Check if swap backing store is full
#   Use 64 bit Java on a 64 bit OS
#   Decrease Java heap size (-Xmx/-Xms)
#   Decrease number of Java threads
#   Decrease Java thread stack sizes (-Xss)
#   Set larger code cache with -XX:ReservedCodeCacheSize=
# This output file may be truncated or incomplete.
#
#  Out of Memory Error (allocation.cpp:273), pid=5388, tid=1804
#
# JRE version: Java(TM) SE Runtime Environment (8.0_60-b27) (build 1.8.0_60-b27)
# Java VM: Java HotSpot(TM) 64-Bit Server VM (25.60-b23 mixed mode windows-amd64 compressed oops)
# Failed to write core dump. Minidumps are not enabled by default on client versions of Windows
#

---------------  T H R E A D  ---------------

Current thread (0x0000000054ea9800):  JavaThread "C2 CompilerThread1" daemon [_thread_in_native, id=1804, stack(0x00000000566b0000,0x00000000567b0000)]

Stack: [0x00000000566b0000,0x00000000567b0000]
[error occurred during error reporting (printing stack bounds), id 0xc0000005]

Native frames: (J=compiled Java code, j=interpreted, Vv=VM code, C=native code)


Current CompileTask:
C2:  27962 2204   !   4       com.android.dx.cf.code.BytecodeArray::parseInstruction (2764 bytes)


---------------  P R O C E S S  ---------------

Java Threads: ( => current thread )
  0x0000000056c16000 JavaThread "pool-1-thread-4" [_thread_blocked, id=2284, stack(0x0000000057380000,0x0000000057480000)]
  0x0000000056c12800 JavaThread "pool-1-thread-3" [_thread_blocked, id=4408, stack(0x0000000057710000,0x0000000057810000)]
  0x0000000056c12000 JavaThread "pool-1-thread-2" [_thread_blocked, id=2596, stack(0x00000000575a0000,0x00000000576a0000)]
  0x0000000056c0c800 JavaThread "pool-2-thread-1" [_thread_blocked, id=2388, stack(0x00000000574a0000,0x00000000575a0000)]
  0x0000000056c0a800 JavaThread "pool-1-thread-1" [_thread_blocked, id=1800, stack(0x0000000057230000,0x0000000057330000)]
  0x0000000056a11000 JavaThread "Service Thread" daemon [_thread_blocked, id=1716, stack(0x0000000056e60000,0x0000000056f60000)]
  0x0000000054eaa800 JavaThread "C1 CompilerThread2" daemon [_thread_in_vm, id=5692, stack(0x0000000056890000,0x0000000056990000)]
=>0x0000000054ea9800 JavaThread "C2 CompilerThread1" daemon [_thread_in_native, id=1804, stack(0x00000000566b0000,0x00000000567b0000)]
  0x0000000054ea7000 JavaThread "C2 CompilerThread0" daemon [_thread_in_native, id=3304, stack(0x0000000056410000,0x0000000056510000)]
  0x0000000054ea2000 JavaThread "Attach Listener" daemon [_thread_blocked, id=3632, stack(0x0000000056590000,0x0000000056690000)]
  0x0000000054ea0800 JavaThread "Signal Dispatcher" daemon [_thread_blocked, id=2524, stack(0x00000000562d0000,0x00000000563d0000)]
  0x0000000054e48800 JavaThread "Finalizer" daemon [_thread_blocked, id=2764, stack(0x00000000561b0000,0x00000000562b0000)]
  0x0000000054e41800 JavaThread "Reference Handler" daemon [_thread_blocked, id=5860, stack(0x0000000056050000,0x0000000056150000)]
  0x0000000001fde800 JavaThread "main" [_thread_blocked, id=5220, stack(0x0000000002280000,0x0000000002380000)]

Other Threads:
  0x0000000054e3c000 VMThread [stack: 0x0000000055e60000,0x0000000055f60000] [id=992]
  0x0000000056a20000 WatcherThread [stack: 0x0000000057070000,0x0000000057170000] [id=6108]

VM state:not at safepoint (normal execution)

VM Mutex/Monitor currently owned by a thread: None

Heap:
 PSYoungGen      total 132096K, used 18978K [0x00000000eab00000, 0x00000000f3100000, 0x0000000100000000)
  eden space 126976K, 10% used [0x00000000eab00000,0x00000000eb88fb00,0x00000000f2700000)
  from space 5120K, 99% used [0x00000000f2700000,0x00000000f2bf8f60,0x00000000f2c00000)
  to   space 5120K, 0% used [0x00000000f2c00000,0x00000000f2c00000,0x00000000f3100000)
 ParOldGen       total 84992K, used 45439K [0x00000000c0000000, 0x00000000c5300000, 0x00000000eab00000)
  object space 84992K, 53% used [0x00000000c0000000,0x00000000c2c5fce0,0x00000000c5300000)
 Metaspace       used 6356K, capacity 7192K, committed 7424K, reserved 1056768K
  class space    used 617K, capacity 656K, committed 768K, reserved 1048576K

Card table byte_map: [0x0000000011a10000,0x0000000011c20000] byte_map_base: 0x0000000011410000

Marking Bits: (ParMarkBitMap*) 0x000000006434a5b0
 Begin Bits: [0x00000000122b0000, 0x00000000132b0000)
 End Bits:   [0x00000000132b0000, 0x00000000142b0000)

Polling page: 0x0000000000110000

CodeCache: size=245760Kb used=11430Kb max_used=11440Kb free=234329Kb
 bounds [0x0000000002650000, 0x0000000003190000, 0x0000000011650000]
 total_blobs=2446 nmethods=2176 adapters=182
 compilation: enabled

Compilation events (10 events):
Event: 26.525 Thread 0x0000000054ea7000 nmethod 2202 0x0000000003185f90 code [0x0000000003186140, 0x0000000003186cf8]
Event: 26.525 Thread 0x0000000054ea7000 2199       4       com.android.dx.cf.attrib.BaseLocalVariables::byteLength (14 bytes)
Event: 26.526 Thread 0x0000000054ea7000 nmethod 2199 0x00000000030f6bd0 code [0x00000000030f6d00, 0x00000000030f6d78]
Event: 27.070 Thread 0x0000000054ea7000 2216       4       com.android.dx.rop.code.Rop::<init> (137 bytes)
Event: 27.080 Thread 0x0000000054eaa800 2218       3       com.android.dx.rop.cst.CstLiteralBits::<init> (5 bytes)
Event: 27.945 Thread 0x0000000054eaa800 nmethod 2218 0x0000000003163090 code [0x0000000003163200, 0x0000000003163470]
Event: 27.950 Thread 0x0000000054ea7000 nmethod 2216 0x0000000003162b10 code [0x0000000003162c60, 0x0000000003162e58]
Event: 27.950 Thread 0x0000000054ea7000 2222       4       com.android.dx.ssa.ConstCollector::getConstsSortedByCountUse (386 bytes)
Event: 27.953 Thread 0x0000000054eaa800 2223       1       com.android.dx.rop.cst.CstLiteral32::fitsInInt (2 bytes)
Event: 27.954 Thread 0x0000000054eaa800 nmethod 2223 0x0000000003162850 code [0x00000000031629a0, 0x0000000003162ab0]

GC Heap History (10 events):
Event: 3.128 GC heap before
{Heap before GC invocations=1 (full 0):
 PSYoungGen      total 36864K, used 31744K [0x00000000eab00000, 0x00000000ed400000, 0x0000000100000000)
  eden space 31744K, 100% used [0x00000000eab00000,0x00000000eca00000,0x00000000eca00000)
  from space 5120K, 0% used [0x00000000ecf00000,0x00000000ecf00000,0x00000000ed400000)
  to   space 5120K, 0% used [0x00000000eca00000,0x00000000eca00000,0x00000000ecf00000)
 ParOldGen       total 84992K, used 0K [0x00000000c0000000, 0x00000000c5300000, 0x00000000eab00000)
  object space 84992K, 0% used [0x00000000c0000000,0x00000000c0000000,0x00000000c5300000)
 Metaspace       used 5908K, capacity 6960K, committed 7040K, reserved 1056768K
  class space    used 595K, capacity 616K, committed 640K, reserved 1048576K
Event: 3.329 GC heap after
Heap after GC invocations=1 (full 0):
 PSYoungGen      total 36864K, used 5102K [0x00000000eab00000, 0x00000000ef300000, 0x0000000100000000)
  eden space 31744K, 0% used [0x00000000eab00000,0x00000000eab00000,0x00000000eca00000)
  from space 5120K, 99% used [0x00000000eca00000,0x00000000ecefb9f0,0x00000000ecf00000)
  to   space 5120K, 0% used [0x00000000eee00000,0x00000000eee00000,0x00000000ef300000)
 ParOldGen       total 84992K, used 1289K [0x00000000c0000000, 0x00000000c5300000, 0x00000000eab00000)
  object space 84992K, 1% used [0x00000000c0000000,0x00000000c01426d0,0x00000000c5300000)
 Metaspace       used 5908K, capacity 6960K, committed 7040K, reserved 1056768K
  class space    used 595K, capacity 616K, committed 640K, reserved 1048576K
}
Event: 5.993 GC heap before
{Heap before GC invocations=2 (full 0):
 PSYoungGen      total 36864K, used 36846K [0x00000000eab00000, 0x00000000ef300000, 0x0000000100000000)
  eden space 31744K, 100% used [0x00000000eab00000,0x00000000eca00000,0x00000000eca00000)
  from space 5120K, 99% used [0x00000000eca00000,0x00000000ecefb9f0,0x00000000ecf00000)
  to   space 5120K, 0% used [0x00000000eee00000,0x00000000eee00000,0x00000000ef300000)
 ParOldGen       total 84992K, used 1289K [0x00000000c0000000, 0x00000000c5300000, 0x00000000eab00000)
  object space 84992K, 1% used [0x00000000c0000000,0x00000000c01426d0,0x00000000c5300000)
 Metaspace       used 6029K, capacity 7024K, committed 7296K, reserved 1056768K
  class space    used 595K, capacity 616K, committed 640K, reserved 1048576K
Event: 6.210 GC heap after
Heap after GC invocations=2 (full 0):
 PSYoungGen      total 68608K, used 5109K [0x00000000eab00000, 0x00000000ef300000, 0x0000000100000000)
  eden space 63488K, 0% used [0x00000000eab00000,0x00000000eab00000,0x00000000ee900000)
  from space 5120K, 99% used [0x00000000eee00000,0x00000000ef2fd510,0x00000000ef300000)
  to   space 5120K, 0% used [0x00000000ee900000,0x00000000ee900000,0x00000000eee00000)
 ParOldGen       total 84992K, used 4459K [0x00000000c0000000, 0x00000000c5300000, 0x00000000eab00000)
  object space 84992K, 5% used [0x00000000c0000000,0x00000000c045ad50,0x00000000c5300000)
 Metaspace       used 6029K, capacity 7024K, committed 7296K, reserved 1056768K
  class space    used 595K, capacity 616K, committed 640K, reserved 1048576K
}
Event: 14.898 GC heap before
{Heap before GC invocations=3 (full 0):
 PSYoungGen      total 68608K, used 68597K [0x00000000eab00000, 0x00000000ef300000, 0x0000000100000000)
  eden space 63488K, 100% used [0x00000000eab00000,0x00000000ee900000,0x00000000ee900000)
  from space 5120K, 99% used [0x00000000eee00000,0x00000000ef2fd510,0x00000000ef300000)
  to   space 5120K, 0% used [0x00000000ee900000,0x00000000ee900000,0x00000000eee00000)
 ParOldGen       total 84992K, used 4459K [0x00000000c0000000, 0x00000000c5300000, 0x00000000eab00000)
  object space 84992K, 5% used [0x00000000c0000000,0x00000000c045ad50,0x00000000c5300000)
 Metaspace       used 6263K, capacity 7192K, committed 7424K, reserved 1056768K
  class space    used 616K, capacity 656K, committed 768K, reserved 1048576K
Event: 15.516 GC heap after
Heap after GC invocations=3 (full 0):
 PSYoungGen      total 68608K, used 5093K [0x00000000eab00000, 0x00000000f3100000, 0x0000000100000000)
  eden space 63488K, 0% used [0x00000000eab00000,0x00000000eab00000,0x00000000ee900000)
  from space 5120K, 99% used [0x00000000ee900000,0x00000000eedf97d8,0x00000000eee00000)
  to   space 5120K, 0% used [0x00000000f2c00000,0x00000000f2c00000,0x00000000f3100000)
 ParOldGen       total 84992K, used 13935K [0x00000000c0000000, 0x00000000c5300000, 0x00000000eab00000)
  object space 84992K, 16% used [0x00000000c0000000,0x00000000c0d9bed8,0x00000000c5300000)
 Metaspace       used 6263K, capacity 7192K, committed 7424K, reserved 1056768K
  class space    used 616K, capacity 656K, committed 768K, reserved 1048576K
}
Event: 21.083 GC heap before
{Heap before GC invocations=4 (full 0):
 PSYoungGen      total 68608K, used 68581K [0x00000000eab00000, 0x00000000f3100000, 0x0000000100000000)
  eden space 63488K, 100% used [0x00000000eab00000,0x00000000ee900000,0x00000000ee900000)
  from space 5120K, 99% used [0x00000000ee900000,0x00000000eedf97d8,0x00000000eee00000)
  to   space 5120K, 0% used [0x00000000f2c00000,0x00000000f2c00000,0x00000000f3100000)
 ParOldGen       total 84992K, used 13935K [0x00000000c0000000, 0x00000000c5300000, 0x00000000eab00000)
  object space 84992K, 16% used [0x00000000c0000000,0x00000000c0d9bed8,0x00000000c5300000)
 Metaspace       used 6300K, capacity 7192K, committed 7424K, reserved 1056768K
  class space    used 617K, capacity 656K, committed 768K, reserved 1048576K
Event: 21.648 GC heap after
Heap after GC invocations=4 (full 0):
 PSYoungGen      total 132096K, used 5089K [0x00000000eab00000, 0x00000000f3100000, 0x0000000100000000)
  eden space 126976K, 0% used [0x00000000eab00000,0x00000000eab00000,0x00000000f2700000)
  from space 5120K, 99% used [0x00000000f2c00000,0x00000000f30f8488,0x00000000f3100000)
  to   space 5120K, 0% used [0x00000000f2700000,0x00000000f2700000,0x00000000f2c00000)
 ParOldGen       total 84992K, used 24372K [0x00000000c0000000, 0x00000000c5300000, 0x00000000eab00000)
  object space 84992K, 28% used [0x00000000c0000000,0x00000000c17cd238,0x00000000c5300000)
 Metaspace       used 6300K, capacity 7192K, committed 7424K, reserved 1056768K
  class space    used 617K, capacity 656K, committed 768K, reserved 1048576K
}
Event: 24.925 GC heap before
{Heap before GC invocations=5 (full 0):
 PSYoungGen      total 132096K, used 132065K [0x00000000eab00000, 0x00000000f3100000, 0x0000000100000000)
  eden space 126976K, 100% used [0x00000000eab00000,0x00000000f2700000,0x00000000f2700000)
  from space 5120K, 99% used [0x00000000f2c00000,0x00000000f30f8488,0x00000000f3100000)
  to   space 5120K, 0% used [0x00000000f2700000,0x00000000f2700000,0x00000000f2c00000)
 ParOldGen       total 84992K, used 24372K [0x00000000c0000000, 0x00000000c5300000, 0x00000000eab00000)
  object space 84992K, 28% used [0x00000000c0000000,0x00000000c17cd238,0x00000000c5300000)
 Metaspace       used 6350K, capacity 7192K, committed 7424K, reserved 1056768K
  class space    used 617K, capacity 656K, committed 768K, reserved 1048576K
Event: 26.332 GC heap after
Heap after GC invocations=5 (full 0):
 PSYoungGen      total 132096K, used 5091K [0x00000000eab00000, 0x00000000f3100000, 0x0000000100000000)
  eden space 126976K, 0% used [0x00000000eab00000,0x00000000eab00000,0x00000000f2700000)
  from space 5120K, 99% used [0x00000000f2700000,0x00000000f2bf8f60,0x00000000f2c00000)
  to   space 5120K, 0% used [0x00000000f2c00000,0x00000000f2c00000,0x00000000f3100000)
 ParOldGen       total 84992K, used 45439K [0x00000000c0000000, 0x00000000c5300000, 0x00000000eab00000)
  object space 84992K, 53% used [0x00000000c0000000,0x00000000c2c5fce0,0x00000000c5300000)
 Metaspace       used 6350K, capacity 7192K, committed 7424K, reserved 1056768K
  class space    used 617K, capacity 656K, committed 768K, reserved 1048576K
}

Deoptimization events (10 events):
Event: 16.050 Thread 0x0000000056c12800 Uncommon trap: reason=bimorphic action=maybe_recompile pc=0x0000000002f87fc8 method=com.android.dx.cf.code.RopperMachine.run(Lcom/android/dx/cf/code/Frame;II)V @ 310
Event: 16.051 Thread 0x0000000056c12800 Uncommon trap: reason=bimorphic action=maybe_recompile pc=0x0000000002f87fc8 method=com.android.dx.cf.code.RopperMachine.run(Lcom/android/dx/cf/code/Frame;II)V @ 310
Event: 18.001 Thread 0x0000000056c16000 Uncommon trap: reason=unstable_if action=reinterpret pc=0x0000000002f3def4 method=com.android.dx.rop.code.LocalVariableExtractor.processBlock(I)V @ 195
Event: 19.462 Thread 0x0000000056c0a800 Uncommon trap: reason=unstable_if action=reinterpret pc=0x0000000002b0b780 method=com.android.dx.rop.code.LocalItem.compareHandlesNulls(Lcom/android/dx/rop/cst/CstString;Lcom/android/dx/rop/cst/CstString;)I @ 14
Event: 22.958 Thread 0x0000000056c0a800 Uncommon trap: reason=unstable_if action=reinterpret pc=0x0000000002f46910 method=java.util.HashMap.putVal(ILjava/lang/Object;Ljava/lang/Object;ZZ)Ljava/lang/Object; @ 206
Event: 23.006 Thread 0x0000000056c0a800 Uncommon trap: reason=unstable_if action=reinterpret pc=0x0000000002fbf278 method=com.android.dx.dex.code.RopTranslator.pickOrder()V @ 130
Event: 23.696 Thread 0x0000000001fde800 Uncommon trap: reason=unstable_if action=reinterpret pc=0x0000000003060f20 method=com.android.dx.cf.direct.StdAttributeFactory.parse0(Lcom/android/dx/cf/direct/DirectClassFile;ILjava/lang/String;IILcom/android/dx/cf/iface/ParseObserver;)Lcom/android/dx/cf/3
iãˆî8@
Event: 24.582 Thread 0x0000000056c12000 Uncommon trap: reason=bimorphic action=maybe_recompile pc=0x00000000030d1390 method=com.android.dx.rop.code.RegisterSpec.getFrameType()Lcom/android/dx/rop/type/TypeBearer; @ 4
Event: 24.772 Thread 0x0000000056c16000 Uncommon trap: reason=bimorphic action=maybe_recompile pc=0x0000000002f6b2d0 method=com.android.dx.cf.code.BytecodeArray.parseInstruction(ILcom/android/dx/cf/code/BytecodeArray$Visitor;)I @ 955
Event: 24.773 Thread 0x0000000056c16000 Uncommon trap: reason=bimorphic action=maybe_recompile pc=0x0000000002f6b2d0 method=com.android.dx.cf.code.BytecodeArray.parseInstruction(ILcom/android/dx/cf/code/BytecodeArray$Visitor;)I @ 955

Internal exceptions (7 events):
Event: 0.099 Thread 0x0000000001fde800 Exception <a 'java/lang/NoSuchMethodError': Method sun.misc.Unsafe.defineClass(Ljava/lang/String;[BII)Ljava/lang/Class; name or signature does not match> (0x00000000eab0d8f0) thrown at [C:\re\workspace\8-2-build-windows-amd64-cygwin\jdk8u60\4407\hotspot\sr’Mç–Wπ?
Event: 0.099 Thread 0x0000000001fde800 Exception <a 'java/lang/NoSuchMethodError': Method sun.misc.Unsafe.prefetchRead(Ljava/lang/Object;J)V name or signature does not match> (0x00000000eab0dbd8) thrown at [C:\re\workspace\8-2-build-windows-amd64-cygwin\jdk8u60\4407\hotspot\src\share\vm\prims\j>U0óúˆ?
Event: 1.413 Thread 0x0000000056c0a800 Implicit null exception at 0x00000000028a7cde to 0x00000000028a92b5
Event: 7.008 Thread 0x0000000056c12800 Exception <a 'java/lang/ArrayIndexOutOfBoundsException': 18> (0x00000000eb4336e8) thrown at [C:\re\workspace\8-2-build-windows-amd64-cygwin\jdk8u60\4407\hotspot\src\share\vm\interpreter\interpreterRuntime.cpp, line 366]
Event: 8.508 Thread 0x0000000056c0a800 Exception <a 'java/lang/ArrayIndexOutOfBoundsException': 145> (0x00000000ebb10160) thrown at [C:\re\workspace\8-2-build-windows-amd64-cygwin\jdk8u60\4407\hotspot\src\share\vm\interpreter\interpreterRuntime.cpp, line 366]
Event: 8.511 Thread 0x0000000056c0a800 Exception <a 'java/lang/ArrayIndexOutOfBoundsException'> (0x00000000ebb11448) thrown at [C:\re\workspace\8-2-build-windows-amd64-cygwin\jdk8u60\4407\hotspot\src\share\vm\runtime\sharedRuntime.cpp, line 605]
Event: 19.462 Thread 0x0000000056c0a800 Implicit null exception at 0x0000000002b0a405 to 0x0000000002b0b755

Events (10 events):
Event: 24.582 Thread 0x0000000056c12000 DEOPT PACKING pc=0x00000000030d1390 sp=0x000000005769e550
Event: 24.582 Thread 0x0000000056c12000 DEOPT UNPACKING pc=0x000000000269582a sp=0x000000005769e490 mode 2
Event: 24.772 Thread 0x0000000056c16000 Uncommon trap: trap_request=0xffffffc6 fr.pc=0x0000000002f6b2d0
Event: 24.772 Thread 0x0000000056c16000 DEOPT PACKING pc=0x0000000002f6b2d0 sp=0x000000005747e4c0
Event: 24.772 Thread 0x0000000056c16000 DEOPT UNPACKING pc=0x000000000269582a sp=0x000000005747e468 mode 2
Event: 24.773 Thread 0x0000000056c16000 Uncommon trap: trap_request=0xffffffc6 fr.pc=0x0000000002f6b2d0
Event: 24.773 Thread 0x0000000056c16000 DEOPT PACKING pc=0x0000000002f6b2d0 sp=0x000000005747e520
Event: 24.773 Thread 0x0000000056c16000 DEOPT UNPACKING pc=0x000000000269582a sp=0x000000005747e4c8 mode 2
Event: 24.925 Executing VM operation: ParallelGCFailedAllocation
Event: 26.332 Executing VM operation: ParallelGCFailedAllocation done


Dynamic libraries:
0x000000013f140000 - 0x000000013f177000 	C:\Program Files\Java\jdk1.8.0_60\bin\java.exe
0x0000000077550000 - 0x00000000776f9000 	C:\Windows\SYSTEM32\ntdll.dll
0x0000000077430000 - 0x0000000077550000 	C:\Windows\system32\kernel32.dll
0x000007fefd360000 - 0x000007fefd3cc000 	C:\Windows\system32\KERNELBASE.dll
0x000007fefdf70000 - 0x000007fefe04b000 	C:\Windows\system32\ADVAPI32.dll
0x000007feff6f0000 - 0x000007feff78f000 	C:\Windows\system32\msvcrt.dll
0x000007fefd9f0000 - 0x000007fefda0f000 	C:\Windows\SYSTEM32\sechost.dll
0x000007fefe220000 - 0x000007fefe34d000 	C:\Windows\system32\RPCRT4.dll
0x0000000077330000 - 0x000000007742a000 	C:\Windows\system32\USER32.dll
0x000007fefe050000 - 0x000007fefe0b7000 	C:\Windows\system32\GDI32.dll
0x000007fefdec0000 - 0x000007fefdece000 	C:\Windows\system32\LPK.dll
0x000007fefd6b0000 - 0x000007fefd77a000 	C:\Windows\system32\USP10.dll
0x000007fefc360000 - 0x000007fefc554000 	C:\Windows\WinSxS\amd64_microsoft.windows.common-controls_6595b64144ccf1df_6.0.7601.18837_none_fa3b1e3d17594757\COMCTL32.dll
0x000007fefdba0000 - 0x000007fefdc11000 	C:\Windows\system32\SHLWAPI.dll
0x000007fefdc20000 - 0x000007fefdc4e000 	C:\Windows\system32\IMM32.DLL
0x000007fefe0c0000 - 0x000007fefe1c9000 	C:\Windows\system32\MSCTF.dll
0x0000000060dd0000 - 0x0000000060ea2000 	C:\Program Files\Java\jdk1.8.0_60\jre\bin\msvcr100.dll
0x0000000063b40000 - 0x00000000643c9000 	C:\Program Files\Java\jdk1.8.0_60\jre\bin\server\jvm.dll
0x000007fef4900000 - 0x000007fef4909000 	C:\Windows\system32\WSOCK32.dll
0x000007fefe1d0000 - 0x000007fefe21d000 	C:\Windows\system32\WS2_32.dll
0x000007feff850000 - 0x000007feff858000 	C:\Windows\system32\NSI.dll
0x000007fefa500000 - 0x000007fefa53b000 	C:\Windows\system32\WINMM.dll
0x000007fefc130000 - 0x000007fefc13c000 	C:\Windows\system32\VERSION.dll
0x0000000077720000 - 0x0000000077727000 	C:\Windows\system32\PSAPI.DLL
0x0000000063b30000 - 0x0000000063b3f000 	C:\Program Files\Java\jdk1.8.0_60\jre\bin\verify.dll
0x0000000063b00000 - 0x0000000063b29000 	C:\Program Files\Java\jdk1.8.0_60\jre\bin\java.dll
0x0000000063ae0000 - 0x0000000063af6000 	C:\Program Files\Java\jdk1.8.0_60\jre\bin\zip.dll
0x000007fefe780000 - 0x000007feff509000 	C:\Windows\system32\SHELL32.dll
0x000007fefdc50000 - 0x000007fefde53000 	C:\Windows\system32\ole32.dll
0x000007fefd2f0000 - 0x000007fefd2ff000 	C:\Windows\system32\profapi.dll

VM Arguments:
jvm_args: -Xmx1024M -Dfile.encoding=windows-1252 -Duser.country=DE -Duser.language=de -Duser.variant 
java_command: com.android.dx.command.Main --dex --num-threads=4 --output C:\ws\Android-Studio\Flirtirator\app\build\intermediates\pre-dexed\debug\classes-3c143d33332f3646a770a65f40ea376aca597e20.jar C:\ws\Android-Studio\Flirtirator\app\build\intermediates\exploded-aar\com.android.support\support-v4\23.0.1\jars\classes.jar
java_class_path (initial): C:\Users\Torben Kr¸ger\AppData\Local\Android\sdk\build-tools\23.0.1\lib\dx.jar
Launcher Type: SUN_STANDARD

Environment Variables:
JAVA_HOME=C:\Program Files\Java\jdk1.8.0_60
PATH=C:\Program Files (x86)\Common Files\Intel\Shared Libraries\redist\intel64\compiler;C:\Program Files (x86)\Common Files\Intel\Shared Libraries\redist\ia32\compiler;C:\Program Files\ispLEVER_Classic1_7\ispFPGA\bin\nt;C:\Program Files\ispLEVER_Classic1_7\active-hdl\BIN;C:\Windows\system32;C:\Windows;C:\Windows\System32\Wbem;C:\Windows\System32\WindowsPowerShell\v1.0\;C:\Program Files (x86)\Intel\OpenCL SDK\3.0\bin\x86;C:\Program Files (x86)\Intel\OpenCL SDK\3.0\bin\x64;C:\Program Files\Intel\WiFi\bin\;C:\Program Files\Common Files\Intel\WirelessCommon\;C:\Program Files\MiKTeX 2.9\miktex\bin\x64\;C:\Program Files\Java\jdk1.8.0_60\bin;C:\MinGW\bin;C:\MinGW\msys\1.0\bin;C:\Program Files\ispLEVER_Classic1_7\ispcpld\bin;C:\Program Files\Microsoft SQL Server\110\Tools\Binn\;C:\Program Files (x86)\Microsoft SDKs\TypeScript\1.0\;C:\Program Files\ThinkPad\Bluetooth Software\;C:\Program Files\ThinkPad\Bluetooth Software\syswow64;C:\Program Files (x86)\Skype\Phone\;C:\Program Files\Intel\WiFi\bin\;C:\Program Files\Common Files\Intel\WirelessCommon\;C:\Program Files\Java\jdk1.8.0_60\bin;C:\MinGW\bin;C:\MinGW\msys\1.0\bin
USERNAME=Torben Kr¸ger
OS=Windows_NT
PROCESSOR_IDENTIFIER=Intel64 Family 6 Model 58 Stepping 9, GenuineIntel



---------------  S Y S T E M  ---------------

OS: Windows 7 , 64 bit Build 7601 (6.1.7601.19045)

CPU:total 4 (2 cores per cpu, 2 threads per core) family 6 model 58 stepping 9, cmov, cx8, fxsr, mmx, sse, sse2, sse3, ssse3, sse4.1, sse4.2, popcnt, avx, aes, clmul, erms, ht, tsc, tscinvbit, tscinv

Memory: 4k page, physical 8078232k(695784k free), swap 9944224k(633756k free)

vm_info: Java HotSpot(TM) 64-Bit Server VM (25.60-b23) for windows-amd64 JRE (1.8.0_60-b27), built on Aug  4 2015 11:06:27 by "java_re" with MS VC++ 10.0 (VS2010)

time: Tue Dec 15 14:05:02 2015
elapsed time: 28 seconds (0d 0h 0m 28s)

