#
# There is insufficient memory for the Java Runtime Environment to continue.
# Native memory allocation (malloc) failed to allocate 166496 bytes for Chunk::new
# Possible reasons:
#   The system is out of physical RAM or swap space
#   In 32 bit mode, the process size limit was hit
# Possible solutions:
#   Reduce memory load on the system
#   Increase physical memory or swap space
#   Check if swap backing store is full
#   Use 64 bit Java on a 64 bit OS
#   Decrease Java heap size (-Xmx/-Xms)
#   Decrease number of Java threads
#   Decrease Java thread stack sizes (-Xss)
#   Set larger code cache with -XX:ReservedCodeCacheSize=
# This output file may be truncated or incomplete.
#
#  Out of Memory Error (allocation.cpp:390), pid=2452, tid=3668
#
# JRE version: Java(TM) SE Runtime Environment (8.0_60-b27) (build 1.8.0_60-b27)
# Java VM: Java HotSpot(TM) 64-Bit Server VM (25.60-b23 mixed mode windows-amd64 compressed oops)
# Failed to write core dump. Minidumps are not enabled by default on client versions of Windows
#

---------------  T H R E A D  ---------------

Current thread (0x0000000054c16000):  JavaThread "C2 CompilerThread0" daemon [_thread_in_native, id=3668, stack(0x0000000056510000,0x0000000056610000)]

Stack: [0x0000000056510000,0x0000000056610000]
[error occurred during error reporting (printing stack bounds), id 0xc0000005]

Native frames: (J=compiled Java code, j=interpreted, Vv=VM code, C=native code)


Current CompileTask:
C2:  25670 1888       4       com.android.dx.ssa.back.LivenessAnalyzer::coInterferePhis (128 bytes)


---------------  P R O C E S S  ---------------

Java Threads: ( => current thread )
  0x0000000056c8f800 JavaThread "pool-1-thread-4" [_thread_blocked, id=5444, stack(0x0000000057840000,0x0000000057940000)]
  0x0000000056c8c800 JavaThread "pool-1-thread-3" [_thread_blocked, id=2516, stack(0x00000000576a0000,0x00000000577a0000)]
  0x0000000056c83800 JavaThread "pool-2-thread-1" [_thread_blocked, id=1844, stack(0x0000000057280000,0x0000000057380000)]
  0x0000000056c82800 JavaThread "pool-1-thread-1" [_thread_blocked, id=3260, stack(0x00000000570d0000,0x00000000571d0000)]
  0x0000000056a85000 JavaThread "Service Thread" daemon [_thread_blocked, id=6140, stack(0x0000000056e70000,0x0000000056f70000)]
  0x0000000054c1c000 JavaThread "C1 CompilerThread2" daemon [_thread_blocked, id=1412, stack(0x0000000056900000,0x0000000056a00000)]
  0x0000000054c18800 JavaThread "C2 CompilerThread1" daemon [_thread_in_native, id=4864, stack(0x00000000566d0000,0x00000000567d0000)]
=>0x0000000054c16000 JavaThread "C2 CompilerThread0" daemon [_thread_in_native, id=3668, stack(0x0000000056510000,0x0000000056610000)]
  0x0000000054c11000 JavaThread "Attach Listener" daemon [_thread_blocked, id=1336, stack(0x0000000056390000,0x0000000056490000)]
  0x0000000054c0f800 JavaThread "Signal Dispatcher" daemon [_thread_blocked, id=2588, stack(0x0000000056270000,0x0000000056370000)]
  0x0000000054bb8000 JavaThread "Finalizer" daemon [_thread_blocked, id=5812, stack(0x00000000560a0000,0x00000000561a0000)]
  0x0000000054bb1800 JavaThread "Reference Handler" daemon [_thread_blocked, id=1308, stack(0x0000000055e00000,0x0000000055f00000)]
  0x0000000001f3e800 JavaThread "main" [_thread_blocked, id=6136, stack(0x0000000002080000,0x0000000002180000)]

Other Threads:
  0x0000000054bac000 VMThread [stack: 0x0000000055bd0000,0x0000000055cd0000] [id=3280]
  0x0000000056a8b800 WatcherThread [stack: 0x0000000055f40000,0x0000000056040000] [id=536]

VM state:not at safepoint (normal execution)

VM Mutex/Monitor currently owned by a thread: None

Heap:
 PSYoungGen      total 68608K, used 48971K [0x00000000eab00000, 0x00000000ef300000, 0x0000000100000000)
  eden space 63488K, 69% used [0x00000000eab00000,0x00000000ed5daca8,0x00000000ee900000)
  from space 5120K, 99% used [0x00000000eee00000,0x00000000ef2f8028,0x00000000ef300000)
  to   space 5120K, 0% used [0x00000000ee900000,0x00000000ee900000,0x00000000eee00000)
 ParOldGen       total 84992K, used 5265K [0x00000000c0000000, 0x00000000c5300000, 0x00000000eab00000)
  object space 84992K, 6% used [0x00000000c0000000,0x00000000c0524668,0x00000000c5300000)
 Metaspace       used 6250K, capacity 7152K, committed 7296K, reserved 1056768K
  class space    used 597K, capacity 616K, committed 640K, reserved 1048576K

Card table byte_map: [0x0000000011810000,0x0000000011a20000] byte_map_base: 0x0000000011210000

Marking Bits: (ParMarkBitMap*) 0x000000006434a5b0
 Begin Bits: [0x0000000012020000, 0x0000000013020000)
 End Bits:   [0x0000000013020000, 0x0000000014020000)

Polling page: 0x0000000000210000

CodeCache: size=245760Kb used=8583Kb max_used=8583Kb free=237176Kb
 bounds [0x0000000002450000, 0x0000000002cd0000, 0x0000000011450000]
 total_blobs=2154 nmethods=1884 adapters=182
 compilation: enabled

Compilation events (10 events):
Event: 23.576 Thread 0x0000000054c1c000 nmethod 1884 0x0000000002c9c550 code [0x0000000002c9c7c0, 0x0000000002c9d778]
Event: 23.757 Thread 0x0000000054c1c000 1885       3       com.android.dx.dex.file.AnnotationSetItem::<init> (83 bytes)
Event: 23.759 Thread 0x0000000054c1c000 nmethod 1885 0x0000000002c9a290 code [0x0000000002c9a540, 0x0000000002c9b968]
Event: 23.759 Thread 0x0000000054c1c000 1887       3       com.android.dx.rop.code.Rops::opInvokeStatic (17 bytes)
Event: 23.759 Thread 0x0000000054c1c000 nmethod 1887 0x0000000002c96850 code [0x0000000002c969e0, 0x0000000002c96cf8]
Event: 23.759 Thread 0x0000000054c1c000 1886   !   3       com.android.dx.dex.file.AnnotationSetItem::writeSize (20 bytes)
Event: 23.760 Thread 0x0000000054c1c000 nmethod 1886 0x0000000002c99c50 code [0x0000000002c99dc0, 0x0000000002c9a0e8]
Event: 24.657 Thread 0x0000000054c16000 1888       4       com.android.dx.ssa.back.LivenessAnalyzer::coInterferePhis (128 bytes)
Event: 24.703 Thread 0x0000000054c18800 1889       4       com.android.dx.ssa.back.FirstFitLocalCombiningAllocator::handleNormalUnassociated (99 bytes)
Event: 24.717 Thread 0x0000000054c1c000 1891       3       com.android.dx.cf.direct.StdAttributeFactory::sourceFile (94 bytes)

GC Heap History (4 events):
Event: 9.294 GC heap before
{Heap before GC invocations=1 (full 0):
 PSYoungGen      total 36864K, used 31744K [0x00000000eab00000, 0x00000000ed400000, 0x0000000100000000)
  eden space 31744K, 100% used [0x00000000eab00000,0x00000000eca00000,0x00000000eca00000)
  from space 5120K, 0% used [0x00000000ecf00000,0x00000000ecf00000,0x00000000ed400000)
  to   space 5120K, 0% used [0x00000000eca00000,0x00000000eca00000,0x00000000ecf00000)
 ParOldGen       total 84992K, used 0K [0x00000000c0000000, 0x00000000c5300000, 0x00000000eab00000)
  object space 84992K, 0% used [0x00000000c0000000,0x00000000c0000000,0x00000000c5300000)
 Metaspace       used 5986K, capacity 7024K, committed 7296K, reserved 1056768K
  class space    used 594K, capacity 616K, committed 640K, reserved 1048576K
Event: 9.586 GC heap after
Heap after GC invocations=1 (full 0):
 PSYoungGen      total 36864K, used 5106K [0x00000000eab00000, 0x00000000ef300000, 0x0000000100000000)
  eden space 31744K, 0% used [0x00000000eab00000,0x00000000eab00000,0x00000000eca00000)
  from space 5120K, 99% used [0x00000000eca00000,0x00000000ecefc840,0x00000000ecf00000)
  to   space 5120K, 0% used [0x00000000eee00000,0x00000000eee00000,0x00000000ef300000)
 ParOldGen       total 84992K, used 1219K [0x00000000c0000000, 0x00000000c5300000, 0x00000000eab00000)
  object space 84992K, 1% used [0x00000000c0000000,0x00000000c0130f78,0x00000000c5300000)
 Metaspace       used 5986K, capacity 7024K, committed 7296K, reserved 1056768K
  class space    used 594K, capacity 616K, committed 640K, reserved 1048576K
}
Event: 17.155 GC heap before
{Heap before GC invocations=2 (full 0):
 PSYoungGen      total 36864K, used 36850K [0x00000000eab00000, 0x00000000ef300000, 0x0000000100000000)
  eden space 31744K, 100% used [0x00000000eab00000,0x00000000eca00000,0x00000000eca00000)
  from space 5120K, 99% used [0x00000000eca00000,0x00000000ecefc840,0x00000000ecf00000)
  to   space 5120K, 0% used [0x00000000eee00000,0x00000000eee00000,0x00000000ef300000)
 ParOldGen       total 84992K, used 1219K [0x00000000c0000000, 0x00000000c5300000, 0x00000000eab00000)
  object space 84992K, 1% used [0x00000000c0000000,0x00000000c0130f78,0x00000000c5300000)
 Metaspace       used 6135K, capacity 7088K, committed 7296K, reserved 1056768K
  class space    used 595K, capacity 616K, committed 640K, reserved 1048576K
Event: 17.220 GC heap after
Heap after GC invocations=2 (full 0):
 PSYoungGen      total 68608K, used 5088K [0x00000000eab00000, 0x00000000ef300000, 0x0000000100000000)
  eden space 63488K, 0% used [0x00000000eab00000,0x00000000eab00000,0x00000000ee900000)
  from space 5120K, 99% used [0x00000000eee00000,0x00000000ef2f8028,0x00000000ef300000)
  to   space 5120K, 0% used [0x00000000ee900000,0x00000000ee900000,0x00000000eee00000)
 ParOldGen       total 84992K, used 5265K [0x00000000c0000000, 0x00000000c5300000, 0x00000000eab00000)
  object space 84992K, 6% used [0x00000000c0000000,0x00000000c0524668,0x00000000c5300000)
 Metaspace       used 6135K, capacity 7088K, committed 7296K, reserved 1056768K
  class space    used 595K, capacity 616K, committed 640K, reserved 1048576K
}

Deoptimization events (10 events):
Event: 18.095 Thread 0x0000000056c8c800 Uncommon trap: reason=unstable_if action=reinterpret pc=0x0000000002a383c0 method=com.android.dx.ssa.SCCP.simulateBranch(Lcom/android/dx/ssa/SsaInsn;)V @ 64
Event: 18.096 Thread 0x0000000056c8c800 Uncommon trap: reason=unloaded action=reinterpret pc=0x00000000029b6aa8 method=com.android.dx.ssa.LiteralOpUpgrader$1.visitNonMoveInsn(Lcom/android/dx/ssa/NormalSsaInsn;)V @ 72
Event: 18.097 Thread 0x0000000056c8c800 Uncommon trap: reason=unstable_if action=reinterpret pc=0x00000000028bff8c method=com.android.dx.ssa.SsaMethod.updateOneDefinition(Lcom/android/dx/ssa/SsaInsn;Lcom/android/dx/rop/code/RegisterSpec;)V @ 4
Event: 18.119 Thread 0x0000000056c8c800 Uncommon trap: reason=bimorphic action=maybe_recompile pc=0x0000000002a9a110 method=com.android.dx.ssa.SCCP.simulatePhi(Lcom/android/dx/ssa/PhiInsn;)V @ 124
Event: 18.702 Thread 0x0000000056c8c800 Uncommon trap: reason=class_check action=maybe_recompile pc=0x00000000029f15c4 method=com.android.dx.cf.code.BytecodeArray.parseInstruction(ILcom/android/dx/cf/code/BytecodeArray$Visitor;)I @ 971
Event: 18.704 Thread 0x0000000056c8c800 Uncommon trap: reason=bimorphic action=maybe_recompile pc=0x0000000002a9a110 method=com.android.dx.ssa.SCCP.simulatePhi(Lcom/android/dx/ssa/PhiInsn;)V @ 124
Event: 20.812 Thread 0x0000000056c8c800 Uncommon trap: reason=unstable_if action=reinterpret pc=0x0000000002bfd6b0 method=com.android.dx.cf.code.Merger.mergeType(Lcom/android/dx/rop/type/TypeBearer;Lcom/android/dx/rop/type/TypeBearer;)Lcom/android/dx/rop/type/TypeBearer; @ 45
Event: 20.813 Thread 0x0000000056c8c800 Uncommon trap: reason=unstable_if action=reinterpret pc=0x0000000002b81188 method=com.android.dx.dex.code.OutputFinisher.hasLocalInfo(Lcom/android/dx/dex/code/DalvInsn;)Z @ 24
Event: 22.528 Thread 0x0000000056c8c800 Uncommon trap: reason=class_check action=maybe_recompile pc=0x00000000029f15c4 method=com.android.dx.cf.code.BytecodeArray.parseInstruction(ILcom/android/dx/cf/code/BytecodeArray$Visitor;)I @ 971
Event: 23.038 Thread 0x0000000056c8f800 Uncommon trap: reason=class_check action=maybe_recompile pc=0x0000000002a11f70 method=com.android.dx.rop.code.RegisterSpec.withSimpleType()Lcom/android/dx/rop/code/RegisterSpec; @ 21

Internal exceptions (2 events):
Event: 0.884 Thread 0x0000000001f3e800 Exception <a 'java/lang/NoSuchMethodError': Method sun.misc.Unsafe.defineClass(Ljava/lang/String;[BII)Ljava/lang/Class; name or signature does not match> (0x00000000eab0daa8) thrown at [C:\re\workspace\8-2-build-windows-amd64-cygwin\jdk8u60\4407\hotspot\srâfòò9Gì?
Event: 0.884 Thread 0x0000000001f3e800 Exception <a 'java/lang/NoSuchMethodError': Method sun.misc.Unsafe.prefetchRead(Ljava/lang/Object;J)V name or signature does not match> (0x00000000eab0dd90) thrown at [C:\re\workspace\8-2-build-windows-amd64-cygwin\jdk8u60\4407\hotspot\src\share\vm\prims\j

Events (10 events):
Event: 22.528 Thread 0x0000000056c8c800 Uncommon trap: trap_request=0xffffffde fr.pc=0x00000000029f15c4
Event: 22.528 Thread 0x0000000056c8c800 DEOPT PACKING pc=0x00000000029f15c4 sp=0x000000005779ea50
Event: 22.528 Thread 0x0000000056c8c800 DEOPT UNPACKING pc=0x000000000249582a sp=0x000000005779e9c0 mode 2
Event: 22.942 Thread 0x0000000056c8f800 DEOPT PACKING pc=0x000000000290d195 sp=0x000000005793ec00
Event: 22.942 Thread 0x0000000056c8f800 DEOPT UNPACKING pc=0x000000000249787f sp=0x000000005793e938 mode 0
Event: 23.038 Thread 0x0000000056c8f800 Uncommon trap: trap_request=0xffffffde fr.pc=0x0000000002a11f70
Event: 23.038 Thread 0x0000000056c8f800 DEOPT PACKING pc=0x0000000002a11f70 sp=0x000000005793eb70
Event: 23.038 Thread 0x0000000056c8f800 DEOPT UNPACKING pc=0x000000000249582a sp=0x000000005793eb18 mode 2
Event: 24.716 loading class com/android/dx/cf/iface/ParseObserver
Event: 24.716 loading class com/android/dx/cf/iface/ParseObserver done


Dynamic libraries:
0x000000013f140000 - 0x000000013f177000 	C:\Program Files\Java\jdk1.8.0_60\bin\java.exe
0x0000000077550000 - 0x00000000776f9000 	C:\Windows\SYSTEM32\ntdll.dll
0x0000000077430000 - 0x0000000077550000 	C:\Windows\system32\kernel32.dll
0x000007fefd360000 - 0x000007fefd3cc000 	C:\Windows\system32\KERNELBASE.dll
0x000007fefdf70000 - 0x000007fefe04b000 	C:\Windows\system32\ADVAPI32.dll
0x000007feff6f0000 - 0x000007feff78f000 	C:\Windows\system32\msvcrt.dll
0x000007fefd9f0000 - 0x000007fefda0f000 	C:\Windows\SYSTEM32\sechost.dll
0x000007fefe220000 - 0x000007fefe34d000 	C:\Windows\system32\RPCRT4.dll
0x0000000077330000 - 0x000000007742a000 	C:\Windows\system32\USER32.dll
0x000007fefe050000 - 0x000007fefe0b7000 	C:\Windows\system32\GDI32.dll
0x000007fefdec0000 - 0x000007fefdece000 	C:\Windows\system32\LPK.dll
0x000007fefd6b0000 - 0x000007fefd77a000 	C:\Windows\system32\USP10.dll
0x000007fefc360000 - 0x000007fefc554000 	C:\Windows\WinSxS\amd64_microsoft.windows.common-controls_6595b64144ccf1df_6.0.7601.18837_none_fa3b1e3d17594757\COMCTL32.dll
0x000007fefdba0000 - 0x000007fefdc11000 	C:\Windows\system32\SHLWAPI.dll
0x000007fefdc20000 - 0x000007fefdc4e000 	C:\Windows\system32\IMM32.DLL
0x000007fefe0c0000 - 0x000007fefe1c9000 	C:\Windows\system32\MSCTF.dll
0x0000000060dd0000 - 0x0000000060ea2000 	C:\Program Files\Java\jdk1.8.0_60\jre\bin\msvcr100.dll
0x0000000063b40000 - 0x00000000643c9000 	C:\Program Files\Java\jdk1.8.0_60\jre\bin\server\jvm.dll
0x000007fef4900000 - 0x000007fef4909000 	C:\Windows\system32\WSOCK32.dll
0x000007fefe1d0000 - 0x000007fefe21d000 	C:\Windows\system32\WS2_32.dll
0x000007feff850000 - 0x000007feff858000 	C:\Windows\system32\NSI.dll
0x000007fefa500000 - 0x000007fefa53b000 	C:\Windows\system32\WINMM.dll
0x000007fefc130000 - 0x000007fefc13c000 	C:\Windows\system32\VERSION.dll
0x0000000077720000 - 0x0000000077727000 	C:\Windows\system32\PSAPI.DLL
0x0000000063b30000 - 0x0000000063b3f000 	C:\Program Files\Java\jdk1.8.0_60\jre\bin\verify.dll
0x0000000063b00000 - 0x0000000063b29000 	C:\Program Files\Java\jdk1.8.0_60\jre\bin\java.dll
0x0000000063ae0000 - 0x0000000063af6000 	C:\Program Files\Java\jdk1.8.0_60\jre\bin\zip.dll
0x000007fefe780000 - 0x000007feff509000 	C:\Windows\system32\SHELL32.dll
0x000007fefdc50000 - 0x000007fefde53000 	C:\Windows\system32\ole32.dll
0x000007fefd2f0000 - 0x000007fefd2ff000 	C:\Windows\system32\profapi.dll

VM Arguments:
jvm_args: -Xmx1024M -Dfile.encoding=windows-1252 -Duser.country=DE -Duser.language=de -Duser.variant 
java_command: com.android.dx.command.Main --dex --num-threads=4 --output C:\ws\Android-Studio\Flirtirator\app\build\intermediates\pre-dexed\debug\internal_impl-23.0.1-876c2bdc2d8eb6d3daa8d6f36e09fa6b5704d36c.jar C:\ws\Android-Studio\Flirtirator\app\build\intermediates\exploded-aar\com.android.support\support-v4\23.0.1\jars\libs\internal_impl-23.0.1.jar
java_class_path (initial): C:\Users\Torben Krüger\AppData\Local\Android\sdk\build-tools\23.0.1\lib\dx.jar
Launcher Type: SUN_STANDARD

Environment Variables:
JAVA_HOME=C:\Program Files\Java\jdk1.8.0_60
PATH=C:\Program Files (x86)\Common Files\Intel\Shared Libraries\redist\intel64\compiler;C:\Program Files (x86)\Common Files\Intel\Shared Libraries\redist\ia32\compiler;C:\Program Files\ispLEVER_Classic1_7\ispFPGA\bin\nt;C:\Program Files\ispLEVER_Classic1_7\active-hdl\BIN;C:\Windows\system32;C:\Windows;C:\Windows\System32\Wbem;C:\Windows\System32\WindowsPowerShell\v1.0\;C:\Program Files (x86)\Intel\OpenCL SDK\3.0\bin\x86;C:\Program Files (x86)\Intel\OpenCL SDK\3.0\bin\x64;C:\Program Files\Intel\WiFi\bin\;C:\Program Files\Common Files\Intel\WirelessCommon\;C:\Program Files\MiKTeX 2.9\miktex\bin\x64\;C:\Program Files\Java\jdk1.8.0_60\bin;C:\MinGW\bin;C:\MinGW\msys\1.0\bin;C:\Program Files\ispLEVER_Classic1_7\ispcpld\bin;C:\Program Files\Microsoft SQL Server\110\Tools\Binn\;C:\Program Files (x86)\Microsoft SDKs\TypeScript\1.0\;C:\Program Files\ThinkPad\Bluetooth Software\;C:\Program Files\ThinkPad\Bluetooth Software\syswow64;C:\Program Files (x86)\Skype\Phone\;C:\Program Files\Intel\WiFi\bin\;C:\Program Files\Common Files\Intel\WirelessCommon\;C:\Program Files\Java\jdk1.8.0_60\bin;C:\MinGW\bin;C:\MinGW\msys\1.0\bin
USERNAME=Torben Krüger
OS=Windows_NT
PROCESSOR_IDENTIFIER=Intel64 Family 6 Model 58 Stepping 9, GenuineIntel



---------------  S Y S T E M  ---------------

OS: Windows 7 , 64 bit Build 7601 (6.1.7601.19045)

CPU:total 4 (2 cores per cpu, 2 threads per core) family 6 model 58 stepping 9, cmov, cx8, fxsr, mmx, sse, sse2, sse3, ssse3, sse4.1, sse4.2, popcnt, avx, aes, clmul, erms, ht, tsc, tscinvbit, tscinv

Memory: 4k page, physical 8078232k(699956k free), swap 9309656k(1164k free)

vm_info: Java HotSpot(TM) 64-Bit Server VM (25.60-b23) for windows-amd64 JRE (1.8.0_60-b27), built on Aug  4 2015 11:06:27 by "java_re" with MS VC++ 10.0 (VS2010)

time: Tue Dec 15 14:05:02 2015
elapsed time: 25 seconds (0d 0h 0m 25s)

